Using pre-set license
Built from '2022.3/staging' branch; Version is '2022.3.22f1 (887be4894c44) revision 8944612'; Using compiler version '192829333'; Build Type 'Release'
OS: 'Windows 11  (10.0.22631) 64bit Core' Language: 'ko' Physical Memory: 32379 MB
BatchMode: 1, IsHumanControllingUs: 0, StartBugReporterOnCrash: 0, Is64bit: 1, IsPro: 1

COMMAND LINE ARGUMENTS:
C:\Program Files\Unity\Hub\Editor\2022.3.22f1\Editor\Unity.exe
-adb2
-batchMode
-noUpm
-name
AssetImportWorker7
-projectPath
C:/Users/djs66/Documents/GitHub/a-battle-of-skewers/a battle of skewers
-logFile
Logs/AssetImportWorker7.log
-srvPort
52947
Successfully changed project path to: C:/Users/djs66/Documents/GitHub/a-battle-of-skewers/a battle of skewers
C:/Users/djs66/Documents/GitHub/a-battle-of-skewers/a battle of skewers
[UnityMemory] Configuration Parameters - Can be set up in boot.config
    "memorysetup-bucket-allocator-granularity=16"
    "memorysetup-bucket-allocator-bucket-count=8"
    "memorysetup-bucket-allocator-block-size=33554432"
    "memorysetup-bucket-allocator-block-count=8"
    "memorysetup-main-allocator-block-size=16777216"
    "memorysetup-thread-allocator-block-size=16777216"
    "memorysetup-gfx-main-allocator-block-size=16777216"
    "memorysetup-gfx-thread-allocator-block-size=16777216"
    "memorysetup-cache-allocator-block-size=4194304"
    "memorysetup-typetree-allocator-block-size=2097152"
    "memorysetup-profiler-bucket-allocator-granularity=16"
    "memorysetup-profiler-bucket-allocator-bucket-count=8"
    "memorysetup-profiler-bucket-allocator-block-size=33554432"
    "memorysetup-profiler-bucket-allocator-block-count=8"
    "memorysetup-profiler-allocator-block-size=16777216"
    "memorysetup-profiler-editor-allocator-block-size=1048576"
    "memorysetup-temp-allocator-size-main=16777216"
    "memorysetup-job-temp-allocator-block-size=2097152"
    "memorysetup-job-temp-allocator-block-size-background=1048576"
    "memorysetup-job-temp-allocator-reduction-small-platforms=262144"
    "memorysetup-allocator-temp-initial-block-size-main=262144"
    "memorysetup-allocator-temp-initial-block-size-worker=262144"
    "memorysetup-temp-allocator-size-background-worker=32768"
    "memorysetup-temp-allocator-size-job-worker=262144"
    "memorysetup-temp-allocator-size-preload-manager=33554432"
    "memorysetup-temp-allocator-size-nav-mesh-worker=65536"
    "memorysetup-temp-allocator-size-audio-worker=65536"
    "memorysetup-temp-allocator-size-cloud-worker=32768"
    "memorysetup-temp-allocator-size-gi-baking-worker=262144"
    "memorysetup-temp-allocator-size-gfx=262144"
Player connection [37600] Host "[IP] 192.168.102.175 [Port] 0 [Flags] 2 [Guid] 765706210 [EditorId] 765706210 [Version] 1048832 [Id] WindowsEditor(7,dojiseon) [Debug] 1 [PackageName] WindowsEditor [ProjectName] Editor" joined multi-casting on [225.0.0.222:54997]...

Player connection [37600] Host "[IP] 192.168.102.175 [Port] 0 [Flags] 2 [Guid] 765706210 [EditorId] 765706210 [Version] 1048832 [Id] WindowsEditor(7,dojiseon) [Debug] 1 [PackageName] WindowsEditor [ProjectName] Editor" joined alternative multi-casting on [225.0.0.222:34997]...

[Physics::Module] Initialized MultithreadedJobDispatcher with 19 workers.
Refreshing native plugins compatible for Editor in 32.42 ms, found 13 plugins.
Preloading 1 native plugins for Editor in 0.58 ms.
Initialize engine version: 2022.3.22f1 (887be4894c44)
[Subsystems] Discovering subsystems at path C:/Program Files/Unity/Hub/Editor/2022.3.22f1/Editor/Data/Resources/UnitySubsystems
[Subsystems] Discovering subsystems at path C:/Users/djs66/Documents/GitHub/a-battle-of-skewers/a battle of skewers/Assets
GfxDevice: creating device client; threaded=0; jobified=0
Direct3D:
    Version:  Direct3D 11.0 [level 11.1]
    Renderer: NVIDIA GeForce RTX 4060 Laptop GPU (ID=0x28e0)
    Vendor:   NVIDIA
    VRAM:     7972 MB
    Driver:   31.0.15.4680
Initialize mono
Mono path[0] = 'C:/Program Files/Unity/Hub/Editor/2022.3.22f1/Editor/Data/Managed'
Mono path[1] = 'C:/Program Files/Unity/Hub/Editor/2022.3.22f1/Editor/Data/MonoBleedingEdge/lib/mono/unityjit-win32'
Mono config path = 'C:/Program Files/Unity/Hub/Editor/2022.3.22f1/Editor/Data/MonoBleedingEdge/etc'
Using monoOptions --debugger-agent=transport=dt_socket,embedding=1,server=y,suspend=n,address=127.0.0.1:56692
Begin MonoManager ReloadAssembly
Registering precompiled unity dll's ...
Register platform support module: C:/Program Files/Unity/Hub/Editor/2022.3.22f1/Editor/Data/PlaybackEngines/AndroidPlayer/UnityEditor.Android.Extensions.dll
Register platform support module: C:/Program Files/Unity/Hub/Editor/2022.3.22f1/Editor/Data/PlaybackEngines/WindowsStandaloneSupport/UnityEditor.WindowsStandalone.Extensions.dll
Registered in 0.011617 seconds.
- Loaded All Assemblies, in  0.584 seconds
Native extension for WindowsStandalone target not found
Native extension for Android target not found
Android Extension - Scanning For ADB Devices 429 ms
Mono: successfully reloaded assembly
- Finished resetting the current domain, in  0.766 seconds
Domain Reload Profiling: 1346ms
	BeginReloadAssembly (181ms)
		ExecutionOrderSort (0ms)
		DisableScriptedObjects (0ms)
		BackupInstance (0ms)
		ReleaseScriptingObjects (0ms)
		CreateAndSetChildDomain (1ms)
	RebuildCommonClasses (57ms)
	RebuildNativeTypeToScriptingClass (13ms)
	initialDomainReloadingComplete (104ms)
	LoadAllAssembliesAndSetupDomain (225ms)
		LoadAssemblies (181ms)
		RebuildTransferFunctionScriptingTraits (0ms)
		AnalyzeDomain (218ms)
			TypeCache.Refresh (216ms)
				TypeCache.ScanAssembly (200ms)
			ScanForSourceGeneratedMonoScriptInfo (0ms)
			ResolveRequiredComponents (0ms)
	FinalizeReload (766ms)
		ReleaseScriptCaches (0ms)
		RebuildScriptCaches (0ms)
		SetupLoadedEditorAssemblies (705ms)
			LogAssemblyErrors (0ms)
			InitializePlatformSupportModulesInManaged (545ms)
			SetLoadedEditorAssemblies (4ms)
			RefreshPlugins (0ms)
			BeforeProcessingInitializeOnLoad (2ms)
			ProcessInitializeOnLoadAttributes (110ms)
			ProcessInitializeOnLoadMethodAttributes (44ms)
			AfterProcessingInitializeOnLoad (0ms)
			EditorAssembliesLoaded (0ms)
		ExecutionOrderSort2 (0ms)
		AwakeInstancesAfterBackupRestoration (0ms)
========================================================================
Worker process is ready to serve import requests
Begin MonoManager ReloadAssembly
- Loaded All Assemblies, in  0.721 seconds
Refreshing native plugins compatible for Editor in 13.92 ms, found 13 plugins.
Native extension for WindowsStandalone target not found
Native extension for Android target not found
Package Manager log level set to [2]
[Package Manager] Server::EnsureServerProcessIsRunning -- launch failed, reason: Unity was launched with the -noUpm command-line argument
[Package Manager] UpmClient::Send -- Unable to send message (not connected to UPM process).
[Package Manager] Cannot connect to Unity Package Manager local server
[Package Manager] Server::EnsureServerProcessIsRunning -- launch failed, reason: Unity was launched with the -noUpm command-line argument
[Package Manager] UpmClient::Send -- Unable to send message (not connected to UPM process).
[Package Manager] Cannot connect to Unity Package Manager local server
System.Reflection.TargetInvocationException: Exception has been thrown by the target of an invocation. ---> System.NullReferenceException: Object reference not set to an instance of an object
  at Unity.XR.Oculus.OculusLoader.AssetPathToAbsolutePath (System.String assetPath) [0x0003d] in .\Library\PackageCache\com.unity.xr.oculus@4.2.0\Runtime\OculusLoader.cs:298 
  at Unity.XR.Oculus.OculusLoader.EditorLoadOVRPlugin () [0x0008c] in .\Library\PackageCache\com.unity.xr.oculus@4.2.0\Runtime\OculusLoader.cs:283 
  at (wrapper managed-to-native) System.Reflection.RuntimeMethodInfo.InternalInvoke(System.Reflection.RuntimeMethodInfo,object,object[],System.Exception&)
  at System.Reflection.RuntimeMethodInfo.Invoke (System.Object obj, System.Reflection.BindingFlags invokeAttr, System.Reflection.Binder binder, System.Object[] parameters, System.Globalization.CultureInfo culture) [0x0006a] in <27124aa0e30a41659b903b822b959bc7>:0 
   --- End of inner exception stack trace ---
  at System.Reflection.RuntimeMethodInfo.Invoke (System.Object obj, System.Reflection.BindingFlags invokeAttr, System.Reflection.Binder binder, System.Object[] parameters, System.Globalization.CultureInfo culture) [0x00083] in <27124aa0e30a41659b903b822b959bc7>:0 
  at System.Reflection.MethodBase.Invoke (System.Object obj, System.Object[] parameters) [0x00000] in <27124aa0e30a41659b903b822b959bc7>:0 
  at UnityEditor.EditorAssemblies.ProcessInitializeOnLoadMethodAttributes () [0x000a5] in <80a8ce1980c648dca8e68f0d8aa3b930>:0 
UnityEngine.StackTraceUtility:ExtractStackTrace ()
UnityEngine.DebugLogHandler:LogFormat (UnityEngine.LogType,UnityEngine.Object,string,object[])
UnityEngine.Logger:Log (UnityEngine.LogType,object)
UnityEngine.Debug:LogError (object)
UnityEditor.EditorAssemblies:ProcessInitializeOnLoadMethodAttributes ()

Mono: successfully reloaded assembly
[Package Manager] Server::EnsureServerProcessIsRunning -- launch failed, reason: Unity was launched with the -noUpm command-line argument
[Package Manager] UpmClient::Send -- Unable to send message (not connected to UPM process).
[Package Manager] Cannot connect to Unity Package Manager local server
[Package Manager] Server::EnsureServerProcessIsRunning -- launch failed, reason: Unity was launched with the -noUpm command-line argument
[Package Manager] UpmClient::Send -- Unable to send message (not connected to UPM process).
[Package Manager] Cannot connect to Unity Package Manager local server
- Finished resetting the current domain, in  0.905 seconds
Domain Reload Profiling: 1622ms
	BeginReloadAssembly (152ms)
		ExecutionOrderSort (0ms)
		DisableScriptedObjects (5ms)
		BackupInstance (0ms)
		ReleaseScriptingObjects (0ms)
		CreateAndSetChildDomain (21ms)
	RebuildCommonClasses (33ms)
	RebuildNativeTypeToScriptingClass (10ms)
	initialDomainReloadingComplete (37ms)
	LoadAllAssembliesAndSetupDomain (485ms)
		LoadAssemblies (331ms)
		RebuildTransferFunctionScriptingTraits (0ms)
		AnalyzeDomain (242ms)
			TypeCache.Refresh (192ms)
				TypeCache.ScanAssembly (173ms)
			ScanForSourceGeneratedMonoScriptInfo (28ms)
			ResolveRequiredComponents (21ms)
	FinalizeReload (905ms)
		ReleaseScriptCaches (0ms)
		RebuildScriptCaches (0ms)
		SetupLoadedEditorAssemblies (700ms)
			LogAssemblyErrors (0ms)
			InitializePlatformSupportModulesInManaged (25ms)
			SetLoadedEditorAssemblies (5ms)
			RefreshPlugins (0ms)
			BeforeProcessingInitializeOnLoad (95ms)
			ProcessInitializeOnLoadAttributes (445ms)
			ProcessInitializeOnLoadMethodAttributes (123ms)
			AfterProcessingInitializeOnLoad (6ms)
			EditorAssembliesLoaded (0ms)
		ExecutionOrderSort2 (0ms)
		AwakeInstancesAfterBackupRestoration (7ms)
Launched and connected shader compiler UnityShaderCompiler.exe after 0.14 seconds
Refreshing native plugins compatible for Editor in 21.80 ms, found 13 plugins.
Preloading 1 native plugins for Editor in 0.13 ms.
Unloading 6175 Unused Serialized files (Serialized files now loaded: 0)
Unloading 122 unused Assets / (377.0 KB). Loaded Objects now: 6655.
Memory consumption went from 243.2 MB to 242.8 MB.
Total: 4.213200 ms (FindLiveObjects: 0.384500 ms CreateObjectMapping: 0.175000 ms MarkObjects: 3.362100 ms  DeleteObjects: 0.290000 ms)

AssetImportParameters requested are different than current active one (requested -> active):
  custom:container-demuxer-ogg: 62fdf1f143b41e24485cea50d1cbac27 -> 
  custom:video-codec-MediaFoundation-h265: 746d11721c4dcdbdad8f713fa42b33f4 -> 
  custom:video-decoder-ogg-theora: a1e56fd34408186e4bbccfd4996cb3dc -> 
  custom:framework-win-MediaFoundation: 216162199b28c13a410421893ffa2e32 -> 
  custom:CustomObjectIndexerAttribute: 72b91833f83ae208fae7752999fa3104 -> 
  custom:container-demuxer-webm: 4f35f7cbe854078d1ac9338744f61a02 -> 
  custom:container-muxer-webm: aa71ff27fc2769a1b78a27578f13a17b -> 
  custom:video-decoder-webm-vp8: 9c59270c3fd7afecdb556c50c9e8de78 -> 
  custom:SearchIndexIgnoredProperties: e643bd26f0fe6173181afceb89e7c659 -> 
  custom:AudioImporter_EditorPlatform: d09bf68614088b80899f8185d706f6e7 -> 
  custom:video-encoder-webm-vp8: eb34c28f22e8b96e1ab97ce403110664 -> 
  custom:audio-decoder-ogg-vorbis: bf7c407c2cedff20999df2af8eb42d56 -> 
  custom:audio-encoder-webm-vorbis: bf7c407c2cedff20999df2af8eb42d56 -> 
========================================================================
Received Import Request.
  Time since last request: 95807.981313 seconds.
  path: Assets/Ramenshop -  Low Poly (HA)/PREFABS/SM_tree_c_01.prefab
  artifactKey: Guid(7f521f10033628e429e72fd8f0166eb1) Importer(815301076,1909f56bfc062723c751e8b465ee728b)
Start importing Assets/Ramenshop -  Low Poly (HA)/PREFABS/SM_tree_c_01.prefab using Guid(7f521f10033628e429e72fd8f0166eb1) Importer(815301076,1909f56bfc062723c751e8b465ee728b)  -> (artifact id: '62a3761529fbcab28d59242afa1b7c0f') in 0.400343 seconds
Number of updated asset objects reloaded before import = 0
Number of asset objects unloaded after import = 11
========================================================================
Received Import Request.
  Time since last request: 818.846631 seconds.
  path: Assets/FoodPack/Prefabs/Egg/boiledEggCutHalf.prefab
  artifactKey: Guid(3916415f2ae6f854e9836bf6bdd8db45) Importer(815301076,1909f56bfc062723c751e8b465ee728b)
Start importing Assets/FoodPack/Prefabs/Egg/boiledEggCutHalf.prefab using Guid(3916415f2ae6f854e9836bf6bdd8db45) Importer(815301076,1909f56bfc062723c751e8b465ee728b)  -> (artifact id: '3719666cbfea37d48fb0bcd24d4ac0ca') in 0.027186 seconds
Number of updated asset objects reloaded before import = 0
Number of asset objects unloaded after import = 15
========================================================================
Received Import Request.
  Time since last request: 0.021849 seconds.
  path: Assets/FoodPack/Prefabs/Egg/eggShell04.prefab
  artifactKey: Guid(c64beed568b7299429af7e804b65203e) Importer(815301076,1909f56bfc062723c751e8b465ee728b)
Start importing Assets/FoodPack/Prefabs/Egg/eggShell04.prefab using Guid(c64beed568b7299429af7e804b65203e) Importer(815301076,1909f56bfc062723c751e8b465ee728b)  -> (artifact id: '23263a0f90474998dbf59650417a0940') in 0.037031 seconds
Number of updated asset objects reloaded before import = 0
Number of asset objects unloaded after import = 15
========================================================================
Received Import Request.
  Time since last request: 0.000068 seconds.
  path: Assets/FoodPack/Prefabs/Egg/friedEgg01.prefab
  artifactKey: Guid(fef7cb2e94fabe44cb5e9f18c495ec8c) Importer(815301076,1909f56bfc062723c751e8b465ee728b)
Start importing Assets/FoodPack/Prefabs/Egg/friedEgg01.prefab using Guid(fef7cb2e94fabe44cb5e9f18c495ec8c) Importer(815301076,1909f56bfc062723c751e8b465ee728b)  -> (artifact id: '2d9c842da8dcfd56265c84dc282434f2') in 0.032168 seconds
Number of updated asset objects reloaded before import = 0
Number of asset objects unloaded after import = 15
========================================================================
Received Import Request.
  Time since last request: 0.000079 seconds.
  path: Assets/FoodPack/Prefabs/Egg/eggYolk.prefab
  artifactKey: Guid(33b2f3d3329c3f6478759ff825e161ff) Importer(815301076,1909f56bfc062723c751e8b465ee728b)
Start importing Assets/FoodPack/Prefabs/Egg/eggYolk.prefab using Guid(33b2f3d3329c3f6478759ff825e161ff) Importer(815301076,1909f56bfc062723c751e8b465ee728b)  -> (artifact id: '63367c7bf0bedc4f26a680f5f4c86dca') in 0.025390 seconds
Number of updated asset objects reloaded before import = 0
Number of asset objects unloaded after import = 15
========================================================================
Received Import Request.
  Time since last request: 0.000045 seconds.
  path: Assets/FoodPack/Prefabs/Egg/boiledEggHalfOpen.prefab
  artifactKey: Guid(d7c15c34d26d5124f8557176ff5d24fe) Importer(815301076,1909f56bfc062723c751e8b465ee728b)
Start importing Assets/FoodPack/Prefabs/Egg/boiledEggHalfOpen.prefab using Guid(d7c15c34d26d5124f8557176ff5d24fe) Importer(815301076,1909f56bfc062723c751e8b465ee728b)  -> (artifact id: '64ff28f9f0ecf21fc318104370860f05') in 0.026152 seconds
Number of updated asset objects reloaded before import = 0
Number of asset objects unloaded after import = 15
========================================================================
Received Import Request.
  Time since last request: 0.000081 seconds.
  path: Assets/FoodPack/Prefabs/Egg/friedEgg03.prefab
  artifactKey: Guid(83ecb4d14cbb13c4ea30c3d5310df421) Importer(815301076,1909f56bfc062723c751e8b465ee728b)
Start importing Assets/FoodPack/Prefabs/Egg/friedEgg03.prefab using Guid(83ecb4d14cbb13c4ea30c3d5310df421) Importer(815301076,1909f56bfc062723c751e8b465ee728b)  -> (artifact id: '10f525e3e997ac8838c35d399a6ba82f') in 0.027612 seconds
Number of updated asset objects reloaded before import = 0
Number of asset objects unloaded after import = 15
========================================================================
Received Import Request.
  Time since last request: 0.000042 seconds.
  path: Assets/FoodPack/Prefabs/Egg/eggShell03.prefab
  artifactKey: Guid(7b6c14f3b04493445857ec5e143d0cb8) Importer(815301076,1909f56bfc062723c751e8b465ee728b)
Start importing Assets/FoodPack/Prefabs/Egg/eggShell03.prefab using Guid(7b6c14f3b04493445857ec5e143d0cb8) Importer(815301076,1909f56bfc062723c751e8b465ee728b)  -> (artifact id: '6912abc89d3afe2d326efc3b8bf653fc') in 0.020535 seconds
Number of updated asset objects reloaded before import = 0
Number of asset objects unloaded after import = 15
========================================================================
Received Import Request.
  Time since last request: 1.593677 seconds.
  path: Assets/FoodPack/Prefabs/Chicken/chickenBreast.prefab
  artifactKey: Guid(b95f99f55fbd29546aabd4a64681f829) Importer(815301076,1909f56bfc062723c751e8b465ee728b)
Start importing Assets/FoodPack/Prefabs/Chicken/chickenBreast.prefab using Guid(b95f99f55fbd29546aabd4a64681f829) Importer(815301076,1909f56bfc062723c751e8b465ee728b)  -> (artifact id: 'db5368b2b5055bc209a82d7ebcbde790') in 0.014924 seconds
Number of updated asset objects reloaded before import = 0
Number of asset objects unloaded after import = 15
========================================================================
Received Import Request.
  Time since last request: 0.000041 seconds.
  path: Assets/FoodPack/Prefabs/Chicken/chickenDrum02.prefab
  artifactKey: Guid(38d91fb79a7bff2498cf8eeab37c01de) Importer(815301076,1909f56bfc062723c751e8b465ee728b)
Start importing Assets/FoodPack/Prefabs/Chicken/chickenDrum02.prefab using Guid(38d91fb79a7bff2498cf8eeab37c01de) Importer(815301076,1909f56bfc062723c751e8b465ee728b)  -> (artifact id: 'c0464e2aeb9e64b0cf06ddb64cd288f7') in 0.011087 seconds
Number of updated asset objects reloaded before import = 0
Number of asset objects unloaded after import = 15
========================================================================
Received Import Request.
  Time since last request: 0.000073 seconds.
  path: Assets/FoodPack/Prefabs/Chicken/chickenDrum01.prefab
  artifactKey: Guid(34d17c16cc4326d4fb756158f01a3919) Importer(815301076,1909f56bfc062723c751e8b465ee728b)
Start importing Assets/FoodPack/Prefabs/Chicken/chickenDrum01.prefab using Guid(34d17c16cc4326d4fb756158f01a3919) Importer(815301076,1909f56bfc062723c751e8b465ee728b)  -> (artifact id: 'cf2aa7e4c7756a634ad1139458d4d896') in 0.017318 seconds
Number of updated asset objects reloaded before import = 0
Number of asset objects unloaded after import = 15
Editor requested this worker to shutdown with reason: Scaling down because of idle timeout
TcpMessagingSession - receive error: operation aborted. errorcode: 995, details: 스레드 종료 또는 응용 프로그램 요청 때문에 I/O 작업이 취소되었습니다.
AssetImportWorker is now disconnected from the server
Process exiting
Exiting without the bug reporter. Application will terminate with return code 0