Using pre-set license
Built from '2022.3/staging' branch; Version is '2022.3.22f1 (887be4894c44) revision 8944612'; Using compiler version '192829333'; Build Type 'Release'
OS: 'Windows 11  (10.0.22631) 64bit Core' Language: 'ko' Physical Memory: 32379 MB
BatchMode: 1, IsHumanControllingUs: 0, StartBugReporterOnCrash: 0, Is64bit: 1, IsPro: 1

COMMAND LINE ARGUMENTS:
C:\Program Files\Unity\Hub\Editor\2022.3.22f1\Editor\Unity.exe
-adb2
-batchMode
-noUpm
-name
AssetImportWorker3
-projectPath
C:/Users/djs66/Documents/GitHub/a-battle-of-skewers/a battle of skewers
-logFile
Logs/AssetImportWorker3.log
-srvPort
52947
Successfully changed project path to: C:/Users/djs66/Documents/GitHub/a-battle-of-skewers/a battle of skewers
C:/Users/djs66/Documents/GitHub/a-battle-of-skewers/a battle of skewers
[UnityMemory] Configuration Parameters - Can be set up in boot.config
    "memorysetup-bucket-allocator-granularity=16"
    "memorysetup-bucket-allocator-bucket-count=8"
    "memorysetup-bucket-allocator-block-size=33554432"
    "memorysetup-bucket-allocator-block-count=8"
    "memorysetup-main-allocator-block-size=16777216"
    "memorysetup-thread-allocator-block-size=16777216"
    "memorysetup-gfx-main-allocator-block-size=16777216"
    "memorysetup-gfx-thread-allocator-block-size=16777216"
    "memorysetup-cache-allocator-block-size=4194304"
    "memorysetup-typetree-allocator-block-size=2097152"
    "memorysetup-profiler-bucket-allocator-granularity=16"
    "memorysetup-profiler-bucket-allocator-bucket-count=8"
    "memorysetup-profiler-bucket-allocator-block-size=33554432"
    "memorysetup-profiler-bucket-allocator-block-count=8"
    "memorysetup-profiler-allocator-block-size=16777216"
    "memorysetup-profiler-editor-allocator-block-size=1048576"
    "memorysetup-temp-allocator-size-main=16777216"
    "memorysetup-job-temp-allocator-block-size=2097152"
    "memorysetup-job-temp-allocator-block-size-background=1048576"
    "memorysetup-job-temp-allocator-reduction-small-platforms=262144"
    "memorysetup-allocator-temp-initial-block-size-main=262144"
    "memorysetup-allocator-temp-initial-block-size-worker=262144"
    "memorysetup-temp-allocator-size-background-worker=32768"
    "memorysetup-temp-allocator-size-job-worker=262144"
    "memorysetup-temp-allocator-size-preload-manager=33554432"
    "memorysetup-temp-allocator-size-nav-mesh-worker=65536"
    "memorysetup-temp-allocator-size-audio-worker=65536"
    "memorysetup-temp-allocator-size-cloud-worker=32768"
    "memorysetup-temp-allocator-size-gi-baking-worker=262144"
    "memorysetup-temp-allocator-size-gfx=262144"
Player connection [28648] Host "[IP] 192.168.102.175 [Port] 0 [Flags] 2 [Guid] 2214293474 [EditorId] 2214293474 [Version] 1048832 [Id] WindowsEditor(7,dojiseon) [Debug] 1 [PackageName] WindowsEditor [ProjectName] Editor" joined multi-casting on [225.0.0.222:54997]...

Player connection [28648] Host "[IP] 192.168.102.175 [Port] 0 [Flags] 2 [Guid] 2214293474 [EditorId] 2214293474 [Version] 1048832 [Id] WindowsEditor(7,dojiseon) [Debug] 1 [PackageName] WindowsEditor [ProjectName] Editor" joined alternative multi-casting on [225.0.0.222:34997]...

[Physics::Module] Initialized MultithreadedJobDispatcher with 19 workers.
Refreshing native plugins compatible for Editor in 39.92 ms, found 13 plugins.
Preloading 1 native plugins for Editor in 1.67 ms.
Initialize engine version: 2022.3.22f1 (887be4894c44)
[Subsystems] Discovering subsystems at path C:/Program Files/Unity/Hub/Editor/2022.3.22f1/Editor/Data/Resources/UnitySubsystems
[Subsystems] Discovering subsystems at path C:/Users/djs66/Documents/GitHub/a-battle-of-skewers/a battle of skewers/Assets
GfxDevice: creating device client; threaded=0; jobified=0
Direct3D:
    Version:  Direct3D 11.0 [level 11.1]
    Renderer: NVIDIA GeForce RTX 4060 Laptop GPU (ID=0x28e0)
    Vendor:   NVIDIA
    VRAM:     7972 MB
    Driver:   31.0.15.4680
Initialize mono
Mono path[0] = 'C:/Program Files/Unity/Hub/Editor/2022.3.22f1/Editor/Data/Managed'
Mono path[1] = 'C:/Program Files/Unity/Hub/Editor/2022.3.22f1/Editor/Data/MonoBleedingEdge/lib/mono/unityjit-win32'
Mono config path = 'C:/Program Files/Unity/Hub/Editor/2022.3.22f1/Editor/Data/MonoBleedingEdge/etc'
Using monoOptions --debugger-agent=transport=dt_socket,embedding=1,server=y,suspend=n,address=127.0.0.1:56380
Begin MonoManager ReloadAssembly
Registering precompiled unity dll's ...
Register platform support module: C:/Program Files/Unity/Hub/Editor/2022.3.22f1/Editor/Data/PlaybackEngines/AndroidPlayer/UnityEditor.Android.Extensions.dll
Register platform support module: C:/Program Files/Unity/Hub/Editor/2022.3.22f1/Editor/Data/PlaybackEngines/WindowsStandaloneSupport/UnityEditor.WindowsStandalone.Extensions.dll
Registered in 0.009875 seconds.
- Loaded All Assemblies, in  0.695 seconds
Native extension for WindowsStandalone target not found
Native extension for Android target not found
Android Extension - Scanning For ADB Devices 874 ms
Mono: successfully reloaded assembly
- Finished resetting the current domain, in  1.664 seconds
Domain Reload Profiling: 2358ms
	BeginReloadAssembly (215ms)
		ExecutionOrderSort (0ms)
		DisableScriptedObjects (0ms)
		BackupInstance (0ms)
		ReleaseScriptingObjects (0ms)
		CreateAndSetChildDomain (2ms)
	RebuildCommonClasses (56ms)
	RebuildNativeTypeToScriptingClass (11ms)
	initialDomainReloadingComplete (98ms)
	LoadAllAssembliesAndSetupDomain (313ms)
		LoadAssemblies (209ms)
		RebuildTransferFunctionScriptingTraits (0ms)
		AnalyzeDomain (309ms)
			TypeCache.Refresh (305ms)
				TypeCache.ScanAssembly (281ms)
			ScanForSourceGeneratedMonoScriptInfo (1ms)
			ResolveRequiredComponents (1ms)
	FinalizeReload (1665ms)
		ReleaseScriptCaches (0ms)
		RebuildScriptCaches (0ms)
		SetupLoadedEditorAssemblies (1537ms)
			LogAssemblyErrors (0ms)
			InitializePlatformSupportModulesInManaged (1089ms)
			SetLoadedEditorAssemblies (10ms)
			RefreshPlugins (0ms)
			BeforeProcessingInitializeOnLoad (5ms)
			ProcessInitializeOnLoadAttributes (315ms)
			ProcessInitializeOnLoadMethodAttributes (116ms)
			AfterProcessingInitializeOnLoad (0ms)
			EditorAssembliesLoaded (0ms)
		ExecutionOrderSort2 (0ms)
		AwakeInstancesAfterBackupRestoration (0ms)
========================================================================
Worker process is ready to serve import requests
Begin MonoManager ReloadAssembly
- Loaded All Assemblies, in  1.024 seconds
Refreshing native plugins compatible for Editor in 29.73 ms, found 13 plugins.
Native extension for WindowsStandalone target not found
Native extension for Android target not found
Package Manager log level set to [2]
[Package Manager] Server::EnsureServerProcessIsRunning -- launch failed, reason: Unity was launched with the -noUpm command-line argument
[Package Manager] UpmClient::Send -- Unable to send message (not connected to UPM process).
[Package Manager] Cannot connect to Unity Package Manager local server
[Package Manager] Server::EnsureServerProcessIsRunning -- launch failed, reason: Unity was launched with the -noUpm command-line argument
[Package Manager] UpmClient::Send -- Unable to send message (not connected to UPM process).
[Package Manager] Cannot connect to Unity Package Manager local server
System.Reflection.TargetInvocationException: Exception has been thrown by the target of an invocation. ---> System.NullReferenceException: Object reference not set to an instance of an object
  at Unity.XR.Oculus.OculusLoader.AssetPathToAbsolutePath (System.String assetPath) [0x0003d] in .\Library\PackageCache\com.unity.xr.oculus@4.2.0\Runtime\OculusLoader.cs:298 
  at Unity.XR.Oculus.OculusLoader.EditorLoadOVRPlugin () [0x0008c] in .\Library\PackageCache\com.unity.xr.oculus@4.2.0\Runtime\OculusLoader.cs:283 
  at (wrapper managed-to-native) System.Reflection.RuntimeMethodInfo.InternalInvoke(System.Reflection.RuntimeMethodInfo,object,object[],System.Exception&)
  at System.Reflection.RuntimeMethodInfo.Invoke (System.Object obj, System.Reflection.BindingFlags invokeAttr, System.Reflection.Binder binder, System.Object[] parameters, System.Globalization.CultureInfo culture) [0x0006a] in <27124aa0e30a41659b903b822b959bc7>:0 
   --- End of inner exception stack trace ---
  at System.Reflection.RuntimeMethodInfo.Invoke (System.Object obj, System.Reflection.BindingFlags invokeAttr, System.Reflection.Binder binder, System.Object[] parameters, System.Globalization.CultureInfo culture) [0x00083] in <27124aa0e30a41659b903b822b959bc7>:0 
  at System.Reflection.MethodBase.Invoke (System.Object obj, System.Object[] parameters) [0x00000] in <27124aa0e30a41659b903b822b959bc7>:0 
  at UnityEditor.EditorAssemblies.ProcessInitializeOnLoadMethodAttributes () [0x000a5] in <80a8ce1980c648dca8e68f0d8aa3b930>:0 
UnityEngine.StackTraceUtility:ExtractStackTrace ()
UnityEngine.DebugLogHandler:LogFormat (UnityEngine.LogType,UnityEngine.Object,string,object[])
UnityEngine.Logger:Log (UnityEngine.LogType,object)
UnityEngine.Debug:LogError (object)
UnityEditor.EditorAssemblies:ProcessInitializeOnLoadMethodAttributes ()

Mono: successfully reloaded assembly
[Package Manager] Server::EnsureServerProcessIsRunning -- launch failed, reason: Unity was launched with the -noUpm command-line argument
[Package Manager] UpmClient::Send -- Unable to send message (not connected to UPM process).
[Package Manager] Cannot connect to Unity Package Manager local server
[Package Manager] Server::EnsureServerProcessIsRunning -- launch failed, reason: Unity was launched with the -noUpm command-line argument
[Package Manager] UpmClient::Send -- Unable to send message (not connected to UPM process).
[Package Manager] Cannot connect to Unity Package Manager local server
- Finished resetting the current domain, in  1.059 seconds
Domain Reload Profiling: 2081ms
	BeginReloadAssembly (174ms)
		ExecutionOrderSort (0ms)
		DisableScriptedObjects (4ms)
		BackupInstance (0ms)
		ReleaseScriptingObjects (0ms)
		CreateAndSetChildDomain (27ms)
	RebuildCommonClasses (32ms)
	RebuildNativeTypeToScriptingClass (10ms)
	initialDomainReloadingComplete (39ms)
	LoadAllAssembliesAndSetupDomain (766ms)
		LoadAssemblies (593ms)
		RebuildTransferFunctionScriptingTraits (0ms)
		AnalyzeDomain (277ms)
			TypeCache.Refresh (231ms)
				TypeCache.ScanAssembly (211ms)
			ScanForSourceGeneratedMonoScriptInfo (29ms)
			ResolveRequiredComponents (16ms)
	FinalizeReload (1061ms)
		ReleaseScriptCaches (0ms)
		RebuildScriptCaches (0ms)
		SetupLoadedEditorAssemblies (851ms)
			LogAssemblyErrors (0ms)
			InitializePlatformSupportModulesInManaged (29ms)
			SetLoadedEditorAssemblies (5ms)
			RefreshPlugins (0ms)
			BeforeProcessingInitializeOnLoad (91ms)
			ProcessInitializeOnLoadAttributes (521ms)
			ProcessInitializeOnLoadMethodAttributes (198ms)
			AfterProcessingInitializeOnLoad (6ms)
			EditorAssembliesLoaded (0ms)
		ExecutionOrderSort2 (0ms)
		AwakeInstancesAfterBackupRestoration (6ms)
Launched and connected shader compiler UnityShaderCompiler.exe after 0.06 seconds
Refreshing native plugins compatible for Editor in 12.03 ms, found 13 plugins.
Preloading 1 native plugins for Editor in 0.05 ms.
Unloading 6174 Unused Serialized files (Serialized files now loaded: 0)
Unloading 122 unused Assets / (375.8 KB). Loaded Objects now: 6651.
Memory consumption went from 242.4 MB to 242.0 MB.
Total: 4.186500 ms (FindLiveObjects: 0.331800 ms CreateObjectMapping: 0.338300 ms MarkObjects: 3.293600 ms  DeleteObjects: 0.221500 ms)

AssetImportParameters requested are different than current active one (requested -> active):
  custom:container-demuxer-ogg: 62fdf1f143b41e24485cea50d1cbac27 -> 
  custom:video-codec-MediaFoundation-h265: 746d11721c4dcdbdad8f713fa42b33f4 -> 
  custom:video-decoder-ogg-theora: a1e56fd34408186e4bbccfd4996cb3dc -> 
  custom:framework-win-MediaFoundation: 216162199b28c13a410421893ffa2e32 -> 
  custom:CustomObjectIndexerAttribute: 72b91833f83ae208fae7752999fa3104 -> 
  custom:container-demuxer-webm: 4f35f7cbe854078d1ac9338744f61a02 -> 
  custom:container-muxer-webm: aa71ff27fc2769a1b78a27578f13a17b -> 
  custom:video-decoder-webm-vp8: 9c59270c3fd7afecdb556c50c9e8de78 -> 
  custom:SearchIndexIgnoredProperties: e643bd26f0fe6173181afceb89e7c659 -> 
  custom:AudioImporter_EditorPlatform: d09bf68614088b80899f8185d706f6e7 -> 
  custom:video-encoder-webm-vp8: eb34c28f22e8b96e1ab97ce403110664 -> 
  custom:audio-decoder-ogg-vorbis: bf7c407c2cedff20999df2af8eb42d56 -> 
  custom:audio-encoder-webm-vorbis: bf7c407c2cedff20999df2af8eb42d56 -> 
========================================================================
Received Import Request.
  Time since last request: 95295.400857 seconds.
  path: Assets/FoodPack/Prefabs/Sushi/hossomakiSalmon.prefab
  artifactKey: Guid(1581f55fa478600468bfb826df02fc14) Importer(815301076,1909f56bfc062723c751e8b465ee728b)
Start importing Assets/FoodPack/Prefabs/Sushi/hossomakiSalmon.prefab using Guid(1581f55fa478600468bfb826df02fc14) Importer(815301076,1909f56bfc062723c751e8b465ee728b)  -> (artifact id: '702a2564b68eff680359ee687b6619de') in 3.552240 seconds
Number of updated asset objects reloaded before import = 0
Number of asset objects unloaded after import = 16
========================================================================
Received Import Request.
  Time since last request: 0.000129 seconds.
  path: Assets/FoodPack/Prefabs/Pork/porkRib.prefab
  artifactKey: Guid(07c788c2892e14e4697495f1f9a80327) Importer(815301076,1909f56bfc062723c751e8b465ee728b)
Start importing Assets/FoodPack/Prefabs/Pork/porkRib.prefab using Guid(07c788c2892e14e4697495f1f9a80327) Importer(815301076,1909f56bfc062723c751e8b465ee728b)  -> (artifact id: '854d5851a6fb3dcff1767fd9100193f2') in 0.055146 seconds
Number of updated asset objects reloaded before import = 0
Number of asset objects unloaded after import = 16
========================================================================
Received Import Request.
  Time since last request: 0.000038 seconds.
  path: Assets/FoodPack/Prefabs/Pork/porkBellyBit.prefab
  artifactKey: Guid(4606747198da0084781320becd3aaa7e) Importer(815301076,1909f56bfc062723c751e8b465ee728b)
Start importing Assets/FoodPack/Prefabs/Pork/porkBellyBit.prefab using Guid(4606747198da0084781320becd3aaa7e) Importer(815301076,1909f56bfc062723c751e8b465ee728b)  -> (artifact id: '7d80e9cd0789c94698ce69ea36480d9d') in 0.081328 seconds
Number of updated asset objects reloaded before import = 0
Number of asset objects unloaded after import = 16
========================================================================
Received Import Request.
  Time since last request: 7.088485 seconds.
  path: Assets/FoodPack/Prefabs/Misc/bench.prefab
  artifactKey: Guid(a11e1817896165f4490c31ab3cdefd14) Importer(815301076,1909f56bfc062723c751e8b465ee728b)
Start importing Assets/FoodPack/Prefabs/Misc/bench.prefab using Guid(a11e1817896165f4490c31ab3cdefd14) Importer(815301076,1909f56bfc062723c751e8b465ee728b)  -> (artifact id: '452c390a2303d7767f43855cbcbb4af4') in 0.034685 seconds
Number of updated asset objects reloaded before import = 0
Number of asset objects unloaded after import = 16
========================================================================
Received Import Request.
  Time since last request: 0.000023 seconds.
  path: Assets/FoodPack/Prefabs/Misc/crate.prefab
  artifactKey: Guid(cfa062b4188d8484db922fa0ddecb9a0) Importer(815301076,1909f56bfc062723c751e8b465ee728b)
Start importing Assets/FoodPack/Prefabs/Misc/crate.prefab using Guid(cfa062b4188d8484db922fa0ddecb9a0) Importer(815301076,1909f56bfc062723c751e8b465ee728b)  -> (artifact id: '1429d047284b319df3bffab003cf5bb5') in 0.029842 seconds
Number of updated asset objects reloaded before import = 0
Number of asset objects unloaded after import = 16
========================================================================
Received Import Request.
  Time since last request: 0.000023 seconds.
  path: Assets/FoodPack/Prefabs/Misc/crate03.prefab
  artifactKey: Guid(9f52a2093aa088e4485d315326d725af) Importer(815301076,1909f56bfc062723c751e8b465ee728b)
Start importing Assets/FoodPack/Prefabs/Misc/crate03.prefab using Guid(9f52a2093aa088e4485d315326d725af) Importer(815301076,1909f56bfc062723c751e8b465ee728b)  -> (artifact id: '1d81127af9fbb2805a5d4a02ce9ee6f3') in 0.105394 seconds
Number of updated asset objects reloaded before import = 0
Number of asset objects unloaded after import = 16
========================================================================
Received Import Request.
  Time since last request: 0.000092 seconds.
  path: Assets/FoodPack/Prefabs/Misc/crate02.prefab
  artifactKey: Guid(6bfd8d281b93bfe499f4db81a54dd683) Importer(815301076,1909f56bfc062723c751e8b465ee728b)
Start importing Assets/FoodPack/Prefabs/Misc/crate02.prefab using Guid(6bfd8d281b93bfe499f4db81a54dd683) Importer(815301076,1909f56bfc062723c751e8b465ee728b)  -> (artifact id: 'dbca32b67e6ba8995f23de18e1b34fa1') in 0.048493 seconds
Number of updated asset objects reloaded before import = 0
Number of asset objects unloaded after import = 16
========================================================================
Received Import Request.
  Time since last request: 0.000078 seconds.
  path: Assets/FoodPack/Prefabs/Misc/cuttingStone.prefab
  artifactKey: Guid(f3a781f764ee9594588805cb3c0c6f53) Importer(815301076,1909f56bfc062723c751e8b465ee728b)
Start importing Assets/FoodPack/Prefabs/Misc/cuttingStone.prefab using Guid(f3a781f764ee9594588805cb3c0c6f53) Importer(815301076,1909f56bfc062723c751e8b465ee728b)  -> (artifact id: 'a4a4a18f959e1ba6c2ad56250fe820a1') in 0.047619 seconds
Number of updated asset objects reloaded before import = 0
Number of asset objects unloaded after import = 16
========================================================================
Received Import Request.
  Time since last request: 10.456073 seconds.
  path: Assets/FoodPack/Prefabs/Kitchen Utensils/castIronSkilletWoodHandle.prefab
  artifactKey: Guid(4d08adfe6fb119e4aba161f4a7fb8bce) Importer(815301076,1909f56bfc062723c751e8b465ee728b)
Start importing Assets/FoodPack/Prefabs/Kitchen Utensils/castIronSkilletWoodHandle.prefab using Guid(4d08adfe6fb119e4aba161f4a7fb8bce) Importer(815301076,1909f56bfc062723c751e8b465ee728b)  -> (artifact id: 'b548b93c8451562e25db4ff964212b29') in 0.067293 seconds
Number of updated asset objects reloaded before import = 0
Number of asset objects unloaded after import = 16
========================================================================
Received Import Request.
  Time since last request: 0.000025 seconds.
  path: Assets/FoodPack/Prefabs/Kitchen Utensils/lidCastIron.prefab
  artifactKey: Guid(8f01021bfdef9df419eb870f6bceba42) Importer(815301076,1909f56bfc062723c751e8b465ee728b)
Start importing Assets/FoodPack/Prefabs/Kitchen Utensils/lidCastIron.prefab using Guid(8f01021bfdef9df419eb870f6bceba42) Importer(815301076,1909f56bfc062723c751e8b465ee728b)  -> (artifact id: '9993f66d2def7f5ac23be415d57d1a6b') in 0.050349 seconds
Number of updated asset objects reloaded before import = 0
Number of asset objects unloaded after import = 16
========================================================================
Received Import Request.
  Time since last request: 0.000066 seconds.
  path: Assets/FoodPack/Prefabs/Kitchen Utensils/meatHook.prefab
  artifactKey: Guid(b4e7c8ad6b9370849ab614751455b836) Importer(815301076,1909f56bfc062723c751e8b465ee728b)
Start importing Assets/FoodPack/Prefabs/Kitchen Utensils/meatHook.prefab using Guid(b4e7c8ad6b9370849ab614751455b836) Importer(815301076,1909f56bfc062723c751e8b465ee728b)  -> (artifact id: '2e0721c4fd82cc6b64d0f2d2ac349b29') in 0.065821 seconds
Number of updated asset objects reloaded before import = 0
Number of asset objects unloaded after import = 16
========================================================================
Received Import Request.
  Time since last request: 0.000049 seconds.
  path: Assets/FoodPack/Prefabs/Kitchen Utensils/chefKnife01.prefab
  artifactKey: Guid(591526b8d507ac340a549512d13b7430) Importer(815301076,1909f56bfc062723c751e8b465ee728b)
Start importing Assets/FoodPack/Prefabs/Kitchen Utensils/chefKnife01.prefab using Guid(591526b8d507ac340a549512d13b7430) Importer(815301076,1909f56bfc062723c751e8b465ee728b)  -> (artifact id: '26657e823400063eb5926bc030f3a0bc') in 0.084458 seconds
Number of updated asset objects reloaded before import = 0
Number of asset objects unloaded after import = 16
========================================================================
Received Import Request.
  Time since last request: 0.000135 seconds.
  path: Assets/FoodPack/Prefabs/Kitchen Utensils/soySauceThing.prefab
  artifactKey: Guid(b3eb01f8c9825c24b93b2a9da5d87f31) Importer(815301076,1909f56bfc062723c751e8b465ee728b)
Start importing Assets/FoodPack/Prefabs/Kitchen Utensils/soySauceThing.prefab using Guid(b3eb01f8c9825c24b93b2a9da5d87f31) Importer(815301076,1909f56bfc062723c751e8b465ee728b)  -> (artifact id: 'dd0e226623bb66b9bb15ac261b9d2f0c') in 0.121530 seconds
Number of updated asset objects reloaded before import = 0
Number of asset objects unloaded after import = 16
========================================================================
Received Import Request.
  Time since last request: 0.000024 seconds.
  path: Assets/FoodPack/Prefabs/Kitchen Utensils/plateCeramic.prefab
  artifactKey: Guid(177ae67f9d92d2442accc8190853af56) Importer(815301076,1909f56bfc062723c751e8b465ee728b)
Start importing Assets/FoodPack/Prefabs/Kitchen Utensils/plateCeramic.prefab using Guid(177ae67f9d92d2442accc8190853af56) Importer(815301076,1909f56bfc062723c751e8b465ee728b)  -> (artifact id: 'b12aa2c3a174c8026be02e03684fff49') in 0.033654 seconds
Number of updated asset objects reloaded before import = 0
Number of asset objects unloaded after import = 16
========================================================================
Received Import Request.
  Time since last request: 0.000051 seconds.
  path: Assets/FoodPack/Prefabs/Kitchen Utensils/potLowSteel.prefab
  artifactKey: Guid(d6480066c590d6f47adf6be726422947) Importer(815301076,1909f56bfc062723c751e8b465ee728b)
Start importing Assets/FoodPack/Prefabs/Kitchen Utensils/potLowSteel.prefab using Guid(d6480066c590d6f47adf6be726422947) Importer(815301076,1909f56bfc062723c751e8b465ee728b)  -> (artifact id: '18c8f8824afa83a39e3abd6e840cdea5') in 0.034520 seconds
Number of updated asset objects reloaded before import = 0
Number of asset objects unloaded after import = 16
========================================================================
Received Import Request.
  Time since last request: 0.000020 seconds.
  path: Assets/FoodPack/Prefabs/Kitchen Utensils/plateWood.prefab
  artifactKey: Guid(260e83c0ccef3ab4f9fb304b105da254) Importer(815301076,1909f56bfc062723c751e8b465ee728b)
Start importing Assets/FoodPack/Prefabs/Kitchen Utensils/plateWood.prefab using Guid(260e83c0ccef3ab4f9fb304b105da254) Importer(815301076,1909f56bfc062723c751e8b465ee728b)  -> (artifact id: 'b0e9e7e953d4f88cff432a70a5191739') in 0.050128 seconds
Number of updated asset objects reloaded before import = 0
Number of asset objects unloaded after import = 16
========================================================================
Received Import Request.
  Time since last request: 0.000081 seconds.
  path: Assets/FoodPack/Prefabs/Kitchen Utensils/hashiPair.prefab
  artifactKey: Guid(0597cef870998194189798e94809b364) Importer(815301076,1909f56bfc062723c751e8b465ee728b)
Start importing Assets/FoodPack/Prefabs/Kitchen Utensils/hashiPair.prefab using Guid(0597cef870998194189798e94809b364) Importer(815301076,1909f56bfc062723c751e8b465ee728b)  -> (artifact id: '89fdf78f2e2bc0392c70d5a7a4c6d6ab') in 0.066228 seconds
Number of updated asset objects reloaded before import = 0
Number of asset objects unloaded after import = 16
========================================================================
Received Import Request.
  Time since last request: 0.000105 seconds.
  path: Assets/FoodPack/Prefabs/Kitchen Utensils/sushiServingBoard.prefab
  artifactKey: Guid(49c52cbaddaea3d4cac8cb6ae76daed4) Importer(815301076,1909f56bfc062723c751e8b465ee728b)
Start importing Assets/FoodPack/Prefabs/Kitchen Utensils/sushiServingBoard.prefab using Guid(49c52cbaddaea3d4cac8cb6ae76daed4) Importer(815301076,1909f56bfc062723c751e8b465ee728b)  -> (artifact id: '63872044114eba59aee3b741254168b5') in 0.086149 seconds
Number of updated asset objects reloaded before import = 0
Number of asset objects unloaded after import = 16
========================================================================
Received Import Request.
  Time since last request: 0.000059 seconds.
  path: Assets/FoodPack/Prefabs/Kitchen Utensils/stainlessSteelSkillet.prefab
  artifactKey: Guid(031c7f6fc6fe2ac4dbab63556308d654) Importer(815301076,1909f56bfc062723c751e8b465ee728b)
Start importing Assets/FoodPack/Prefabs/Kitchen Utensils/stainlessSteelSkillet.prefab using Guid(031c7f6fc6fe2ac4dbab63556308d654) Importer(815301076,1909f56bfc062723c751e8b465ee728b)  -> (artifact id: '5c4995d2e2d44063b0063bb69f6ea7bd') in 0.018936 seconds
Number of updated asset objects reloaded before import = 0
Number of asset objects unloaded after import = 16
========================================================================
Received Import Request.
  Time since last request: 0.000089 seconds.
  path: Assets/FoodPack/Prefabs/Kitchen Utensils/hashi.prefab
  artifactKey: Guid(cf7cd0f4e11f3014fb80536b7daab65b) Importer(815301076,1909f56bfc062723c751e8b465ee728b)
Start importing Assets/FoodPack/Prefabs/Kitchen Utensils/hashi.prefab using Guid(cf7cd0f4e11f3014fb80536b7daab65b) Importer(815301076,1909f56bfc062723c751e8b465ee728b)  -> (artifact id: '0bb704700701c97af39ac98b516dccb9') in 0.038344 seconds
Number of updated asset objects reloaded before import = 0
Number of asset objects unloaded after import = 16
========================================================================
Received Import Request.
  Time since last request: 36.036698 seconds.
  path: Assets/FoodPack/Prefabs/Fruits/bananaBunch.prefab
  artifactKey: Guid(69778dc6d3a975b4db5ee00ba60fac47) Importer(815301076,1909f56bfc062723c751e8b465ee728b)
Start importing Assets/FoodPack/Prefabs/Fruits/bananaBunch.prefab using Guid(69778dc6d3a975b4db5ee00ba60fac47) Importer(815301076,1909f56bfc062723c751e8b465ee728b)  -> (artifact id: '7c14c6fdee0611f9a9f49c56708d6510') in 0.090252 seconds
Number of updated asset objects reloaded before import = 0
Number of asset objects unloaded after import = 16
========================================================================
Received Import Request.
  Time since last request: 0.000253 seconds.
  path: Assets/FoodPack/Prefabs/Fruits/fig.prefab
  artifactKey: Guid(e9e6cf50cae50b14dbcfdd5db61c3d79) Importer(815301076,1909f56bfc062723c751e8b465ee728b)
Start importing Assets/FoodPack/Prefabs/Fruits/fig.prefab using Guid(e9e6cf50cae50b14dbcfdd5db61c3d79) Importer(815301076,1909f56bfc062723c751e8b465ee728b)  -> (artifact id: '6cf12b160b3baf138dde68fb4bf27cae') in 0.112190 seconds
Number of updated asset objects reloaded before import = 0
Number of asset objects unloaded after import = 16
========================================================================
Received Import Request.
  Time since last request: 0.000027 seconds.
  path: Assets/FoodPack/Prefabs/Fruits/lemon.prefab
  artifactKey: Guid(7b0aea8bff0b30d41bbfa015cb276b5f) Importer(815301076,1909f56bfc062723c751e8b465ee728b)
Start importing Assets/FoodPack/Prefabs/Fruits/lemon.prefab using Guid(7b0aea8bff0b30d41bbfa015cb276b5f) Importer(815301076,1909f56bfc062723c751e8b465ee728b)  -> (artifact id: '378e5f278a0355730b97b89e0bd32837') in 0.066449 seconds
Number of updated asset objects reloaded before import = 0
Number of asset objects unloaded after import = 16
========================================================================
Received Import Request.
  Time since last request: 0.000023 seconds.
  path: Assets/FoodPack/Prefabs/Fruits/grapefruitSlice.prefab
  artifactKey: Guid(1cf75f519c7727a479bac622f24b2c50) Importer(815301076,1909f56bfc062723c751e8b465ee728b)
Start importing Assets/FoodPack/Prefabs/Fruits/grapefruitSlice.prefab using Guid(1cf75f519c7727a479bac622f24b2c50) Importer(815301076,1909f56bfc062723c751e8b465ee728b)  -> (artifact id: '8fdf72cd5cbb63c420f118ebf6f7c4c6') in 0.045691 seconds
Number of updated asset objects reloaded before import = 0
Number of asset objects unloaded after import = 16
========================================================================
Received Import Request.
  Time since last request: 0.000022 seconds.
  path: Assets/FoodPack/Prefabs/Fruits/kiwiSlice.prefab
  artifactKey: Guid(441e2a654c4dacc4eb1c42e0feaa5e7e) Importer(815301076,1909f56bfc062723c751e8b465ee728b)
Start importing Assets/FoodPack/Prefabs/Fruits/kiwiSlice.prefab using Guid(441e2a654c4dacc4eb1c42e0feaa5e7e) Importer(815301076,1909f56bfc062723c751e8b465ee728b)  -> (artifact id: 'adeba6f6d3ca493f460fd0d0b2330d8c') in 0.041593 seconds
Number of updated asset objects reloaded before import = 0
Number of asset objects unloaded after import = 16
========================================================================
Received Import Request.
  Time since last request: 0.000022 seconds.
  path: Assets/FoodPack/Prefabs/Fruits/kiwi.prefab
  artifactKey: Guid(7c4bf62dc6437c94ab7058826d30dd64) Importer(815301076,1909f56bfc062723c751e8b465ee728b)
Start importing Assets/FoodPack/Prefabs/Fruits/kiwi.prefab using Guid(7c4bf62dc6437c94ab7058826d30dd64) Importer(815301076,1909f56bfc062723c751e8b465ee728b)  -> (artifact id: '2006b3e43e96148529ee535b0a0cf7b0') in 0.053190 seconds
Number of updated asset objects reloaded before import = 0
Number of asset objects unloaded after import = 16
========================================================================
Received Import Request.
  Time since last request: 0.124956 seconds.
  path: Assets/FoodPack/Prefabs/Fruits/melonSlice.prefab
  artifactKey: Guid(6d573b9575637cb4e9722ff3047c53d8) Importer(815301076,1909f56bfc062723c751e8b465ee728b)
Start importing Assets/FoodPack/Prefabs/Fruits/melonSlice.prefab using Guid(6d573b9575637cb4e9722ff3047c53d8) Importer(815301076,1909f56bfc062723c751e8b465ee728b)  -> (artifact id: 'fe107c47859a29876c65525756049440') in 0.096702 seconds
Number of updated asset objects reloaded before import = 0
Number of asset objects unloaded after import = 16
========================================================================
Received Import Request.
  Time since last request: 0.000061 seconds.
  path: Assets/FoodPack/Prefabs/Fruits/strawberry.prefab
  artifactKey: Guid(4a2a2b41bc055dd4bbd38a2282ddb428) Importer(815301076,1909f56bfc062723c751e8b465ee728b)
Start importing Assets/FoodPack/Prefabs/Fruits/strawberry.prefab using Guid(4a2a2b41bc055dd4bbd38a2282ddb428) Importer(815301076,1909f56bfc062723c751e8b465ee728b)  -> (artifact id: 'e4f7fb33d8a0b8e56ef80e3a0d7ee858') in 0.062954 seconds
Number of updated asset objects reloaded before import = 0
Number of asset objects unloaded after import = 16
========================================================================
Received Import Request.
  Time since last request: 0.000069 seconds.
  path: Assets/FoodPack/Prefabs/Fruits/papaya.prefab
  artifactKey: Guid(f1ea16b4b5231d74bb7a685a6b667f9a) Importer(815301076,1909f56bfc062723c751e8b465ee728b)
Start importing Assets/FoodPack/Prefabs/Fruits/papaya.prefab using Guid(f1ea16b4b5231d74bb7a685a6b667f9a) Importer(815301076,1909f56bfc062723c751e8b465ee728b)  -> (artifact id: '2e488738c8b5376cc8f0181721088708') in 0.057225 seconds
Number of updated asset objects reloaded before import = 0
Number of asset objects unloaded after import = 16
========================================================================
Received Import Request.
  Time since last request: 0.000032 seconds.
  path: Assets/FoodPack/Prefabs/Fruits/pearHalf.prefab
  artifactKey: Guid(a19b83a3ddafbc54db532991a19ce065) Importer(815301076,1909f56bfc062723c751e8b465ee728b)
Start importing Assets/FoodPack/Prefabs/Fruits/pearHalf.prefab using Guid(a19b83a3ddafbc54db532991a19ce065) Importer(815301076,1909f56bfc062723c751e8b465ee728b)  -> (artifact id: 'd04d9c078bfb841f5b3f62fd1247ed0a') in 0.071048 seconds
Number of updated asset objects reloaded before import = 0
Number of asset objects unloaded after import = 16
========================================================================
Received Import Request.
  Time since last request: 1.200667 seconds.
  path: Assets/FoodPack/Prefabs/Fish/salmonHead.prefab
  artifactKey: Guid(6dcb4289585981a4eba011437c32fe06) Importer(815301076,1909f56bfc062723c751e8b465ee728b)
Start importing Assets/FoodPack/Prefabs/Fish/salmonHead.prefab using Guid(6dcb4289585981a4eba011437c32fe06) Importer(815301076,1909f56bfc062723c751e8b465ee728b)  -> (artifact id: 'add0bf9b96d417783af3f7176a185dc6') in 0.094029 seconds
Number of updated asset objects reloaded before import = 0
Number of asset objects unloaded after import = 16
========================================================================
Received Import Request.
  Time since last request: 0.000055 seconds.
  path: Assets/FoodPack/Prefabs/Fish/salmonSlice.prefab
  artifactKey: Guid(58c4848bc9fc153438e7fbebb1b17c51) Importer(815301076,1909f56bfc062723c751e8b465ee728b)
Start importing Assets/FoodPack/Prefabs/Fish/salmonSlice.prefab using Guid(58c4848bc9fc153438e7fbebb1b17c51) Importer(815301076,1909f56bfc062723c751e8b465ee728b)  -> (artifact id: 'a133aea5df64a942427b41f24dee8ba7') in 0.101682 seconds
Number of updated asset objects reloaded before import = 0
Number of asset objects unloaded after import = 16
Editor requested this worker to shutdown with reason: Scaling down because of idle timeout
TcpMessagingSession - receive error: operation aborted. errorcode: 995, details: 스레드 종료 또는 응용 프로그램 요청 때문에 I/O 작업이 취소되었습니다.
AssetImportWorker is now disconnected from the server
Process exiting
Exiting without the bug reporter. Application will terminate with return code 0