Using pre-set license
Built from '2022.3/staging' branch; Version is '2022.3.22f1 (887be4894c44) revision 8944612'; Using compiler version '192829333'; Build Type 'Release'
OS: 'Windows 11  (10.0.22631) 64bit Core' Language: 'ko' Physical Memory: 32379 MB
BatchMode: 1, IsHumanControllingUs: 0, StartBugReporterOnCrash: 0, Is64bit: 1, IsPro: 1

COMMAND LINE ARGUMENTS:
C:\Program Files\Unity\Hub\Editor\2022.3.22f1\Editor\Unity.exe
-adb2
-batchMode
-noUpm
-name
AssetImportWorker1
-projectPath
C:/Users/djs66/Documents/GitHub/a-battle-of-skewers/a battle of skewers
-logFile
Logs/AssetImportWorker1.log
-srvPort
52947
Successfully changed project path to: C:/Users/djs66/Documents/GitHub/a-battle-of-skewers/a battle of skewers
C:/Users/djs66/Documents/GitHub/a-battle-of-skewers/a battle of skewers
[UnityMemory] Configuration Parameters - Can be set up in boot.config
    "memorysetup-bucket-allocator-granularity=16"
    "memorysetup-bucket-allocator-bucket-count=8"
    "memorysetup-bucket-allocator-block-size=33554432"
    "memorysetup-bucket-allocator-block-count=8"
    "memorysetup-main-allocator-block-size=16777216"
    "memorysetup-thread-allocator-block-size=16777216"
    "memorysetup-gfx-main-allocator-block-size=16777216"
    "memorysetup-gfx-thread-allocator-block-size=16777216"
    "memorysetup-cache-allocator-block-size=4194304"
    "memorysetup-typetree-allocator-block-size=2097152"
    "memorysetup-profiler-bucket-allocator-granularity=16"
    "memorysetup-profiler-bucket-allocator-bucket-count=8"
    "memorysetup-profiler-bucket-allocator-block-size=33554432"
    "memorysetup-profiler-bucket-allocator-block-count=8"
    "memorysetup-profiler-allocator-block-size=16777216"
    "memorysetup-profiler-editor-allocator-block-size=1048576"
    "memorysetup-temp-allocator-size-main=16777216"
    "memorysetup-job-temp-allocator-block-size=2097152"
    "memorysetup-job-temp-allocator-block-size-background=1048576"
    "memorysetup-job-temp-allocator-reduction-small-platforms=262144"
    "memorysetup-allocator-temp-initial-block-size-main=262144"
    "memorysetup-allocator-temp-initial-block-size-worker=262144"
    "memorysetup-temp-allocator-size-background-worker=32768"
    "memorysetup-temp-allocator-size-job-worker=262144"
    "memorysetup-temp-allocator-size-preload-manager=33554432"
    "memorysetup-temp-allocator-size-nav-mesh-worker=65536"
    "memorysetup-temp-allocator-size-audio-worker=65536"
    "memorysetup-temp-allocator-size-cloud-worker=32768"
    "memorysetup-temp-allocator-size-gi-baking-worker=262144"
    "memorysetup-temp-allocator-size-gfx=262144"
Player connection [38920] Host "[IP] 192.168.102.175 [Port] 0 [Flags] 2 [Guid] 594337973 [EditorId] 594337973 [Version] 1048832 [Id] WindowsEditor(7,dojiseon) [Debug] 1 [PackageName] WindowsEditor [ProjectName] Editor" joined multi-casting on [225.0.0.222:54997]...

Player connection [38920] Host "[IP] 192.168.102.175 [Port] 0 [Flags] 2 [Guid] 594337973 [EditorId] 594337973 [Version] 1048832 [Id] WindowsEditor(7,dojiseon) [Debug] 1 [PackageName] WindowsEditor [ProjectName] Editor" joined alternative multi-casting on [225.0.0.222:34997]...

[Physics::Module] Initialized MultithreadedJobDispatcher with 19 workers.
Refreshing native plugins compatible for Editor in 23.97 ms, found 13 plugins.
Preloading 1 native plugins for Editor in 0.68 ms.
Initialize engine version: 2022.3.22f1 (887be4894c44)
[Subsystems] Discovering subsystems at path C:/Program Files/Unity/Hub/Editor/2022.3.22f1/Editor/Data/Resources/UnitySubsystems
[Subsystems] Discovering subsystems at path C:/Users/djs66/Documents/GitHub/a-battle-of-skewers/a battle of skewers/Assets
GfxDevice: creating device client; threaded=0; jobified=0
Direct3D:
    Version:  Direct3D 11.0 [level 11.1]
    Renderer: NVIDIA GeForce RTX 4060 Laptop GPU (ID=0x28e0)
    Vendor:   NVIDIA
    VRAM:     7972 MB
    Driver:   31.0.15.4680
Initialize mono
Mono path[0] = 'C:/Program Files/Unity/Hub/Editor/2022.3.22f1/Editor/Data/Managed'
Mono path[1] = 'C:/Program Files/Unity/Hub/Editor/2022.3.22f1/Editor/Data/MonoBleedingEdge/lib/mono/unityjit-win32'
Mono config path = 'C:/Program Files/Unity/Hub/Editor/2022.3.22f1/Editor/Data/MonoBleedingEdge/etc'
Using monoOptions --debugger-agent=transport=dt_socket,embedding=1,server=y,suspend=n,address=127.0.0.1:56776
Begin MonoManager ReloadAssembly
Registering precompiled unity dll's ...
Register platform support module: C:/Program Files/Unity/Hub/Editor/2022.3.22f1/Editor/Data/PlaybackEngines/AndroidPlayer/UnityEditor.Android.Extensions.dll
Register platform support module: C:/Program Files/Unity/Hub/Editor/2022.3.22f1/Editor/Data/PlaybackEngines/WindowsStandaloneSupport/UnityEditor.WindowsStandalone.Extensions.dll
Registered in 0.006074 seconds.
- Loaded All Assemblies, in  0.446 seconds
Native extension for WindowsStandalone target not found
Native extension for Android target not found
Android Extension - Scanning For ADB Devices 605 ms
Mono: successfully reloaded assembly
- Finished resetting the current domain, in  1.209 seconds
Domain Reload Profiling: 1652ms
	BeginReloadAssembly (123ms)
		ExecutionOrderSort (0ms)
		DisableScriptedObjects (0ms)
		BackupInstance (0ms)
		ReleaseScriptingObjects (0ms)
		CreateAndSetChildDomain (1ms)
	RebuildCommonClasses (36ms)
	RebuildNativeTypeToScriptingClass (12ms)
	initialDomainReloadingComplete (73ms)
	LoadAllAssembliesAndSetupDomain (199ms)
		LoadAssemblies (121ms)
		RebuildTransferFunctionScriptingTraits (0ms)
		AnalyzeDomain (196ms)
			TypeCache.Refresh (194ms)
				TypeCache.ScanAssembly (174ms)
			ScanForSourceGeneratedMonoScriptInfo (1ms)
			ResolveRequiredComponents (1ms)
	FinalizeReload (1210ms)
		ReleaseScriptCaches (0ms)
		RebuildScriptCaches (0ms)
		SetupLoadedEditorAssemblies (1136ms)
			LogAssemblyErrors (0ms)
			InitializePlatformSupportModulesInManaged (777ms)
			SetLoadedEditorAssemblies (11ms)
			RefreshPlugins (0ms)
			BeforeProcessingInitializeOnLoad (6ms)
			ProcessInitializeOnLoadAttributes (284ms)
			ProcessInitializeOnLoadMethodAttributes (57ms)
			AfterProcessingInitializeOnLoad (0ms)
			EditorAssembliesLoaded (0ms)
		ExecutionOrderSort2 (0ms)
		AwakeInstancesAfterBackupRestoration (0ms)
========================================================================
Worker process is ready to serve import requests
Begin MonoManager ReloadAssembly
- Loaded All Assemblies, in  0.893 seconds
Refreshing native plugins compatible for Editor in 18.13 ms, found 13 plugins.
Native extension for WindowsStandalone target not found
Native extension for Android target not found
Package Manager log level set to [2]
[Package Manager] Server::EnsureServerProcessIsRunning -- launch failed, reason: Unity was launched with the -noUpm command-line argument
[Package Manager] UpmClient::Send -- Unable to send message (not connected to UPM process).
[Package Manager] Cannot connect to Unity Package Manager local server
[Package Manager] Server::EnsureServerProcessIsRunning -- launch failed, reason: Unity was launched with the -noUpm command-line argument
[Package Manager] UpmClient::Send -- Unable to send message (not connected to UPM process).
[Package Manager] Cannot connect to Unity Package Manager local server
System.Reflection.TargetInvocationException: Exception has been thrown by the target of an invocation. ---> System.NullReferenceException: Object reference not set to an instance of an object
  at Unity.XR.Oculus.OculusLoader.AssetPathToAbsolutePath (System.String assetPath) [0x0003d] in .\Library\PackageCache\com.unity.xr.oculus@4.2.0\Runtime\OculusLoader.cs:298 
  at Unity.XR.Oculus.OculusLoader.EditorLoadOVRPlugin () [0x0008c] in .\Library\PackageCache\com.unity.xr.oculus@4.2.0\Runtime\OculusLoader.cs:283 
  at (wrapper managed-to-native) System.Reflection.RuntimeMethodInfo.InternalInvoke(System.Reflection.RuntimeMethodInfo,object,object[],System.Exception&)
  at System.Reflection.RuntimeMethodInfo.Invoke (System.Object obj, System.Reflection.BindingFlags invokeAttr, System.Reflection.Binder binder, System.Object[] parameters, System.Globalization.CultureInfo culture) [0x0006a] in <27124aa0e30a41659b903b822b959bc7>:0 
   --- End of inner exception stack trace ---
  at System.Reflection.RuntimeMethodInfo.Invoke (System.Object obj, System.Reflection.BindingFlags invokeAttr, System.Reflection.Binder binder, System.Object[] parameters, System.Globalization.CultureInfo culture) [0x00083] in <27124aa0e30a41659b903b822b959bc7>:0 
  at System.Reflection.MethodBase.Invoke (System.Object obj, System.Object[] parameters) [0x00000] in <27124aa0e30a41659b903b822b959bc7>:0 
  at UnityEditor.EditorAssemblies.ProcessInitializeOnLoadMethodAttributes () [0x000a5] in <80a8ce1980c648dca8e68f0d8aa3b930>:0 
UnityEngine.StackTraceUtility:ExtractStackTrace ()
UnityEngine.DebugLogHandler:LogFormat (UnityEngine.LogType,UnityEngine.Object,string,object[])
UnityEngine.Logger:Log (UnityEngine.LogType,object)
UnityEngine.Debug:LogError (object)
UnityEditor.EditorAssemblies:ProcessInitializeOnLoadMethodAttributes ()

Mono: successfully reloaded assembly
[Package Manager] Server::EnsureServerProcessIsRunning -- launch failed, reason: Unity was launched with the -noUpm command-line argument
[Package Manager] UpmClient::Send -- Unable to send message (not connected to UPM process).
[Package Manager] Cannot connect to Unity Package Manager local server
[Package Manager] Server::EnsureServerProcessIsRunning -- launch failed, reason: Unity was launched with the -noUpm command-line argument
[Package Manager] UpmClient::Send -- Unable to send message (not connected to UPM process).
[Package Manager] Cannot connect to Unity Package Manager local server
- Finished resetting the current domain, in  0.940 seconds
Domain Reload Profiling: 1828ms
	BeginReloadAssembly (182ms)
		ExecutionOrderSort (0ms)
		DisableScriptedObjects (6ms)
		BackupInstance (0ms)
		ReleaseScriptingObjects (0ms)
		CreateAndSetChildDomain (34ms)
	RebuildCommonClasses (32ms)
	RebuildNativeTypeToScriptingClass (11ms)
	initialDomainReloadingComplete (56ms)
	LoadAllAssembliesAndSetupDomain (607ms)
		LoadAssemblies (402ms)
		RebuildTransferFunctionScriptingTraits (0ms)
		AnalyzeDomain (306ms)
			TypeCache.Refresh (247ms)
				TypeCache.ScanAssembly (220ms)
			ScanForSourceGeneratedMonoScriptInfo (38ms)
			ResolveRequiredComponents (20ms)
	FinalizeReload (940ms)
		ReleaseScriptCaches (0ms)
		RebuildScriptCaches (0ms)
		SetupLoadedEditorAssemblies (719ms)
			LogAssemblyErrors (0ms)
			InitializePlatformSupportModulesInManaged (31ms)
			SetLoadedEditorAssemblies (5ms)
			RefreshPlugins (0ms)
			BeforeProcessingInitializeOnLoad (103ms)
			ProcessInitializeOnLoadAttributes (457ms)
			ProcessInitializeOnLoadMethodAttributes (118ms)
			AfterProcessingInitializeOnLoad (6ms)
			EditorAssembliesLoaded (0ms)
		ExecutionOrderSort2 (0ms)
		AwakeInstancesAfterBackupRestoration (7ms)
Launched and connected shader compiler UnityShaderCompiler.exe after 0.05 seconds
Refreshing native plugins compatible for Editor in 12.59 ms, found 13 plugins.
Preloading 1 native plugins for Editor in 0.05 ms.
Unloading 6174 Unused Serialized files (Serialized files now loaded: 0)
Unloading 122 unused Assets / (375.7 KB). Loaded Objects now: 6651.
Memory consumption went from 242.4 MB to 242.0 MB.
Total: 3.923500 ms (FindLiveObjects: 0.325500 ms CreateObjectMapping: 0.149900 ms MarkObjects: 3.211900 ms  DeleteObjects: 0.235300 ms)

AssetImportParameters requested are different than current active one (requested -> active):
  custom:container-demuxer-ogg: 62fdf1f143b41e24485cea50d1cbac27 -> 
  custom:video-codec-MediaFoundation-h265: 746d11721c4dcdbdad8f713fa42b33f4 -> 
  custom:video-decoder-ogg-theora: a1e56fd34408186e4bbccfd4996cb3dc -> 
  custom:framework-win-MediaFoundation: 216162199b28c13a410421893ffa2e32 -> 
  custom:CustomObjectIndexerAttribute: 72b91833f83ae208fae7752999fa3104 -> 
  custom:container-demuxer-webm: 4f35f7cbe854078d1ac9338744f61a02 -> 
  custom:container-muxer-webm: aa71ff27fc2769a1b78a27578f13a17b -> 
  custom:video-decoder-webm-vp8: 9c59270c3fd7afecdb556c50c9e8de78 -> 
  custom:SearchIndexIgnoredProperties: e643bd26f0fe6173181afceb89e7c659 -> 
  custom:AudioImporter_EditorPlatform: d09bf68614088b80899f8185d706f6e7 -> 
  custom:video-encoder-webm-vp8: eb34c28f22e8b96e1ab97ce403110664 -> 
  custom:audio-decoder-ogg-vorbis: bf7c407c2cedff20999df2af8eb42d56 -> 
  custom:audio-encoder-webm-vorbis: bf7c407c2cedff20999df2af8eb42d56 -> 
========================================================================
Received Import Request.
  Time since last request: 95279.588617 seconds.
  path: Assets/FoodPack/Prefabs
  artifactKey: Guid(e34e07e83e9dee34eb9205358fe60510) Importer(815301076,1909f56bfc062723c751e8b465ee728b)
Start importing Assets/FoodPack/Prefabs using Guid(e34e07e83e9dee34eb9205358fe60510) Importer(815301076,1909f56bfc062723c751e8b465ee728b)  -> (artifact id: '2e97f622c03ef15b352cbb954110df4c') in 0.002347 seconds
Number of updated asset objects reloaded before import = 0
Number of asset objects unloaded after import = 0
========================================================================
Received Import Request.
  Time since last request: 5.331499 seconds.
  path: Assets/FoodPack/Prefabs/Beef/beefWellingtonCutHalf.prefab
  artifactKey: Guid(5f3a32a6e18dc1a46b11924f5067a4a1) Importer(815301076,1909f56bfc062723c751e8b465ee728b)
Start importing Assets/FoodPack/Prefabs/Beef/beefWellingtonCutHalf.prefab using Guid(5f3a32a6e18dc1a46b11924f5067a4a1) Importer(815301076,1909f56bfc062723c751e8b465ee728b)  -> (artifact id: 'e922b2741a2d95e7ee75d39890feac0e') in 3.565653 seconds
Number of updated asset objects reloaded before import = 0
Number of asset objects unloaded after import = 16
========================================================================
Received Import Request.
  Time since last request: 0.000079 seconds.
  path: Assets/FoodPack/Prefabs/Beef/lambRibCutPair.prefab
  artifactKey: Guid(8d1579959a322dc478da0a39ae6e5a6b) Importer(815301076,1909f56bfc062723c751e8b465ee728b)
Start importing Assets/FoodPack/Prefabs/Beef/lambRibCutPair.prefab using Guid(8d1579959a322dc478da0a39ae6e5a6b) Importer(815301076,1909f56bfc062723c751e8b465ee728b)  -> (artifact id: 'bf8ea4a333f5a05c545c7b1ba9c4860d') in 0.052628 seconds
Number of updated asset objects reloaded before import = 0
Number of asset objects unloaded after import = 16
========================================================================
Received Import Request.
  Time since last request: 0.000068 seconds.
  path: Assets/FoodPack/Prefabs/Beef/picanhaCut03.prefab
  artifactKey: Guid(b423ccda1dea14e4f82ae0102603f768) Importer(815301076,1909f56bfc062723c751e8b465ee728b)
Start importing Assets/FoodPack/Prefabs/Beef/picanhaCut03.prefab using Guid(b423ccda1dea14e4f82ae0102603f768) Importer(815301076,1909f56bfc062723c751e8b465ee728b)  -> (artifact id: 'cdfeb7c544eb630ec6d389b882f82ceb') in 0.046494 seconds
Number of updated asset objects reloaded before import = 0
Number of asset objects unloaded after import = 16
========================================================================
Received Import Request.
  Time since last request: 0.000065 seconds.
  path: Assets/FoodPack/Prefabs/Beef/beefWellingtonCutPieceBig.prefab
  artifactKey: Guid(32d711943edcb26489b603e12043732d) Importer(815301076,1909f56bfc062723c751e8b465ee728b)
Start importing Assets/FoodPack/Prefabs/Beef/beefWellingtonCutPieceBig.prefab using Guid(32d711943edcb26489b603e12043732d) Importer(815301076,1909f56bfc062723c751e8b465ee728b)  -> (artifact id: '643499704f37895de23513fe2b6438f9') in 0.044442 seconds
Number of updated asset objects reloaded before import = 0
Number of asset objects unloaded after import = 16
========================================================================
Received Import Request.
  Time since last request: 0.023528 seconds.
  path: Assets/FoodPack/Prefabs/Beef/ham.prefab
  artifactKey: Guid(a264198c6154d8c4faee08d9b939343d) Importer(815301076,1909f56bfc062723c751e8b465ee728b)
Start importing Assets/FoodPack/Prefabs/Beef/ham.prefab using Guid(a264198c6154d8c4faee08d9b939343d) Importer(815301076,1909f56bfc062723c751e8b465ee728b)  -> (artifact id: '5607a8a6ffd714e037007ad7da643226') in 0.045211 seconds
Number of updated asset objects reloaded before import = 0
Number of asset objects unloaded after import = 16
========================================================================
Received Import Request.
  Time since last request: 0.000086 seconds.
  path: Assets/FoodPack/Prefabs/Beef/picanhaCut01.prefab
  artifactKey: Guid(34df4e6197bf80949a8fc561ebbc1e76) Importer(815301076,1909f56bfc062723c751e8b465ee728b)
Start importing Assets/FoodPack/Prefabs/Beef/picanhaCut01.prefab using Guid(34df4e6197bf80949a8fc561ebbc1e76) Importer(815301076,1909f56bfc062723c751e8b465ee728b)  -> (artifact id: '50ad828035b64fac480525d05e8bd7af') in 0.040446 seconds
Number of updated asset objects reloaded before import = 0
Number of asset objects unloaded after import = 16
========================================================================
Received Import Request.
  Time since last request: 0.000157 seconds.
  path: Assets/FoodPack/Prefabs/Beef/tomahawkCut.prefab
  artifactKey: Guid(f3d0113af9a6ada4fbec2c8b41b8ae9a) Importer(815301076,1909f56bfc062723c751e8b465ee728b)
Start importing Assets/FoodPack/Prefabs/Beef/tomahawkCut.prefab using Guid(f3d0113af9a6ada4fbec2c8b41b8ae9a) Importer(815301076,1909f56bfc062723c751e8b465ee728b)  -> (artifact id: '1f81020f4bcecb4106fe716ac8040f77') in 0.045597 seconds
Number of updated asset objects reloaded before import = 0
Number of asset objects unloaded after import = 16
========================================================================
Received Import Request.
  Time since last request: 0.000040 seconds.
  path: Assets/FoodPack/Prefabs/Beef/tBoneBone.prefab
  artifactKey: Guid(e9b8adce08d6dcd4fac7eae054c0007f) Importer(815301076,1909f56bfc062723c751e8b465ee728b)
Start importing Assets/FoodPack/Prefabs/Beef/tBoneBone.prefab using Guid(e9b8adce08d6dcd4fac7eae054c0007f) Importer(815301076,1909f56bfc062723c751e8b465ee728b)  -> (artifact id: 'fc1b31dae4877e962b56747b4490529a') in 0.046566 seconds
Number of updated asset objects reloaded before import = 0
Number of asset objects unloaded after import = 16
========================================================================
Received Import Request.
  Time since last request: 0.000032 seconds.
  path: Assets/FoodPack/Prefabs/Beef/lambRibCut.prefab
  artifactKey: Guid(dffa2ee0c809ab740b24722b53a71a74) Importer(815301076,1909f56bfc062723c751e8b465ee728b)
Start importing Assets/FoodPack/Prefabs/Beef/lambRibCut.prefab using Guid(dffa2ee0c809ab740b24722b53a71a74) Importer(815301076,1909f56bfc062723c751e8b465ee728b)  -> (artifact id: 'a61167c581394f4775c092f885addae4') in 0.042073 seconds
Number of updated asset objects reloaded before import = 0
Number of asset objects unloaded after import = 16
========================================================================
Received Import Request.
  Time since last request: 0.000154 seconds.
  path: Assets/FoodPack/Prefabs/Beef/picanhaCube02.prefab
  artifactKey: Guid(43c23445524020e4b9e4f8ce217e99e6) Importer(815301076,1909f56bfc062723c751e8b465ee728b)
Start importing Assets/FoodPack/Prefabs/Beef/picanhaCube02.prefab using Guid(43c23445524020e4b9e4f8ce217e99e6) Importer(815301076,1909f56bfc062723c751e8b465ee728b)  -> (artifact id: 'fa9b1158e052d6157d7394e26f65b606') in 0.065217 seconds
Number of updated asset objects reloaded before import = 0
Number of asset objects unloaded after import = 16
========================================================================
Received Import Request.
  Time since last request: 0.000041 seconds.
  path: Assets/FoodPack/Prefabs/Beef/tBone.prefab
  artifactKey: Guid(1bbe917e4cd8018409f12e8d2960b63a) Importer(815301076,1909f56bfc062723c751e8b465ee728b)
Start importing Assets/FoodPack/Prefabs/Beef/tBone.prefab using Guid(1bbe917e4cd8018409f12e8d2960b63a) Importer(815301076,1909f56bfc062723c751e8b465ee728b)  -> (artifact id: '165a1d8ad0d9df81dae96cf948a91ff1') in 0.036548 seconds
Number of updated asset objects reloaded before import = 0
Number of asset objects unloaded after import = 16
========================================================================
Received Import Request.
  Time since last request: 0.000140 seconds.
  path: Assets/FoodPack/Prefabs/Beef/tomahawk02.prefab
  artifactKey: Guid(5ea0018fdf67c61448dd55d6ddf3254d) Importer(815301076,1909f56bfc062723c751e8b465ee728b)
Start importing Assets/FoodPack/Prefabs/Beef/tomahawk02.prefab using Guid(5ea0018fdf67c61448dd55d6ddf3254d) Importer(815301076,1909f56bfc062723c751e8b465ee728b)  -> (artifact id: '3957b4dfd10b253d71f736a2b3a88c49') in 0.049285 seconds
Number of updated asset objects reloaded before import = 0
Number of asset objects unloaded after import = 16
========================================================================
Received Import Request.
  Time since last request: 0.000077 seconds.
  path: Assets/FoodPack/Prefabs/Beef/hamHalf.prefab
  artifactKey: Guid(50a34c84278bb5148a953d5029bbf00d) Importer(815301076,1909f56bfc062723c751e8b465ee728b)
Start importing Assets/FoodPack/Prefabs/Beef/hamHalf.prefab using Guid(50a34c84278bb5148a953d5029bbf00d) Importer(815301076,1909f56bfc062723c751e8b465ee728b)  -> (artifact id: '5aa6a0e0b1533b4b1b1f22b0c104d25f') in 0.048857 seconds
Number of updated asset objects reloaded before import = 0
Number of asset objects unloaded after import = 16
========================================================================
Received Import Request.
  Time since last request: 6.116759 seconds.
  path: Assets/FoodPack/Prefabs/Sushi/hossomakiCocumberSlim.prefab
  artifactKey: Guid(a204174d457a7ef48a63a83c7884abf1) Importer(815301076,1909f56bfc062723c751e8b465ee728b)
Start importing Assets/FoodPack/Prefabs/Sushi/hossomakiCocumberSlim.prefab using Guid(a204174d457a7ef48a63a83c7884abf1) Importer(815301076,1909f56bfc062723c751e8b465ee728b)  -> (artifact id: '44365b7a52db958612103634ed3968ce') in 0.052922 seconds
Number of updated asset objects reloaded before import = 0
Number of asset objects unloaded after import = 16
========================================================================
Received Import Request.
  Time since last request: 0.000060 seconds.
  path: Assets/FoodPack/Prefabs/Sushi/uramakiTuna.prefab
  artifactKey: Guid(5e46590cf2f6009408b1b987113c0b5e) Importer(815301076,1909f56bfc062723c751e8b465ee728b)
Start importing Assets/FoodPack/Prefabs/Sushi/uramakiTuna.prefab using Guid(5e46590cf2f6009408b1b987113c0b5e) Importer(815301076,1909f56bfc062723c751e8b465ee728b)  -> (artifact id: 'e5f613bc622efb82d1a273affbe996be') in 0.038630 seconds
Number of updated asset objects reloaded before import = 0
Number of asset objects unloaded after import = 16
========================================================================
Received Import Request.
  Time since last request: 0.000035 seconds.
  path: Assets/FoodPack/Prefabs/Sushi/uramakiCocumber.prefab
  artifactKey: Guid(5538ef30402331841a1f4ca398d53a84) Importer(815301076,1909f56bfc062723c751e8b465ee728b)
Start importing Assets/FoodPack/Prefabs/Sushi/uramakiCocumber.prefab using Guid(5538ef30402331841a1f4ca398d53a84) Importer(815301076,1909f56bfc062723c751e8b465ee728b)  -> (artifact id: '2e5bde396c4f5eacb9c6cca72de4d51d') in 0.051104 seconds
Number of updated asset objects reloaded before import = 0
Number of asset objects unloaded after import = 16
========================================================================
Received Import Request.
  Time since last request: 0.000097 seconds.
  path: Assets/FoodPack/Prefabs/Sushi/niguiriSalmon.prefab
  artifactKey: Guid(d6c672f664a801e43804f37980356a16) Importer(815301076,1909f56bfc062723c751e8b465ee728b)
Start importing Assets/FoodPack/Prefabs/Sushi/niguiriSalmon.prefab using Guid(d6c672f664a801e43804f37980356a16) Importer(815301076,1909f56bfc062723c751e8b465ee728b)  -> (artifact id: 'a846c839cfea7ceff4828054ccb2a5f7') in 0.041674 seconds
Number of updated asset objects reloaded before import = 0
Number of asset objects unloaded after import = 16
========================================================================
Received Import Request.
  Time since last request: 0.000024 seconds.
  path: Assets/FoodPack/Prefabs/Sushi/niguiriShrimpWhiteFishWithNori.prefab
  artifactKey: Guid(1ca37d059811a944e8bae5512dd5eb83) Importer(815301076,1909f56bfc062723c751e8b465ee728b)
Start importing Assets/FoodPack/Prefabs/Sushi/niguiriShrimpWhiteFishWithNori.prefab using Guid(1ca37d059811a944e8bae5512dd5eb83) Importer(815301076,1909f56bfc062723c751e8b465ee728b)  -> (artifact id: 'aa39225152dbc651758d6993ebb7663b') in 0.044735 seconds
Number of updated asset objects reloaded before import = 0
Number of asset objects unloaded after import = 16
========================================================================
Received Import Request.
  Time since last request: 0.000044 seconds.
  path: Assets/FoodPack/Prefabs/Sushi/hossomakiTunaRoll.prefab
  artifactKey: Guid(3c9d195403167c44a9184551f87a3262) Importer(815301076,1909f56bfc062723c751e8b465ee728b)
Start importing Assets/FoodPack/Prefabs/Sushi/hossomakiTunaRoll.prefab using Guid(3c9d195403167c44a9184551f87a3262) Importer(815301076,1909f56bfc062723c751e8b465ee728b)  -> (artifact id: '13aefcd6bc5ee8205b6f0b148b6599d3') in 0.039932 seconds
Number of updated asset objects reloaded before import = 0
Number of asset objects unloaded after import = 16
========================================================================
Received Import Request.
  Time since last request: 0.000052 seconds.
  path: Assets/FoodPack/Prefabs/Sushi/niguiriTamago.prefab
  artifactKey: Guid(291fe6555c5f6074ca8413dc293b5e73) Importer(815301076,1909f56bfc062723c751e8b465ee728b)
Start importing Assets/FoodPack/Prefabs/Sushi/niguiriTamago.prefab using Guid(291fe6555c5f6074ca8413dc293b5e73) Importer(815301076,1909f56bfc062723c751e8b465ee728b)  -> (artifact id: '2ee3f4242df78d0e60a9fb63955d2c7a') in 0.055559 seconds
Number of updated asset objects reloaded before import = 0
Number of asset objects unloaded after import = 16
========================================================================
Received Import Request.
  Time since last request: 0.000023 seconds.
  path: Assets/FoodPack/Prefabs/Sushi/oniguiri.prefab
  artifactKey: Guid(65bcb03a01a4dbe4399afb3090a6afc1) Importer(815301076,1909f56bfc062723c751e8b465ee728b)
Start importing Assets/FoodPack/Prefabs/Sushi/oniguiri.prefab using Guid(65bcb03a01a4dbe4399afb3090a6afc1) Importer(815301076,1909f56bfc062723c751e8b465ee728b)  -> (artifact id: '46fe977bd43805ec380688bd54ab4a2a') in 0.049395 seconds
Number of updated asset objects reloaded before import = 0
Number of asset objects unloaded after import = 16
========================================================================
Received Import Request.
  Time since last request: 0.000057 seconds.
  path: Assets/FoodPack/Prefabs/Sushi/uramakiTunaRoll.prefab
  artifactKey: Guid(c1512d9d0f970bb4daa17d096960ee75) Importer(815301076,1909f56bfc062723c751e8b465ee728b)
Start importing Assets/FoodPack/Prefabs/Sushi/uramakiTunaRoll.prefab using Guid(c1512d9d0f970bb4daa17d096960ee75) Importer(815301076,1909f56bfc062723c751e8b465ee728b)  -> (artifact id: 'd5597c903db36bb1d8be5fb7bd41a06c') in 0.048600 seconds
Number of updated asset objects reloaded before import = 0
Number of asset objects unloaded after import = 16
========================================================================
Received Import Request.
  Time since last request: 0.000032 seconds.
  path: Assets/FoodPack/Prefabs/Sushi/hossomakiTuna.prefab
  artifactKey: Guid(4faff7ee2cd390f438f84a78074737b8) Importer(815301076,1909f56bfc062723c751e8b465ee728b)
Start importing Assets/FoodPack/Prefabs/Sushi/hossomakiTuna.prefab using Guid(4faff7ee2cd390f438f84a78074737b8) Importer(815301076,1909f56bfc062723c751e8b465ee728b)  -> (artifact id: '27a659cd3c2ee74d9ed3e82b7e39deae') in 0.051481 seconds
Number of updated asset objects reloaded before import = 0
Number of asset objects unloaded after import = 16
========================================================================
Received Import Request.
  Time since last request: 0.000076 seconds.
  path: Assets/FoodPack/Prefabs/Sushi/uramakiSalmonRoll.prefab
  artifactKey: Guid(2ba0e9ccb12648d448fa28e8b3308fce) Importer(815301076,1909f56bfc062723c751e8b465ee728b)
Start importing Assets/FoodPack/Prefabs/Sushi/uramakiSalmonRoll.prefab using Guid(2ba0e9ccb12648d448fa28e8b3308fce) Importer(815301076,1909f56bfc062723c751e8b465ee728b)  -> (artifact id: '5f98038f08b1fc1f585b64cca17a504b') in 0.047124 seconds
Number of updated asset objects reloaded before import = 0
Number of asset objects unloaded after import = 16
========================================================================
Received Import Request.
  Time since last request: 0.000029 seconds.
  path: Assets/FoodPack/Prefabs/Sushi/uramakiSalmon.prefab
  artifactKey: Guid(28e104b2792240743b755bf48562be44) Importer(815301076,1909f56bfc062723c751e8b465ee728b)
Start importing Assets/FoodPack/Prefabs/Sushi/uramakiSalmon.prefab using Guid(28e104b2792240743b755bf48562be44) Importer(815301076,1909f56bfc062723c751e8b465ee728b)  -> (artifact id: '1496f1e9074e87c9ce3126de240856bf') in 0.054075 seconds
Number of updated asset objects reloaded before import = 0
Number of asset objects unloaded after import = 16
========================================================================
Received Import Request.
  Time since last request: 0.000071 seconds.
  path: Assets/FoodPack/Prefabs/Sushi/niguiriBase.prefab
  artifactKey: Guid(836350a9b7a4ce64e84b1d7a672bd4a8) Importer(815301076,1909f56bfc062723c751e8b465ee728b)
Start importing Assets/FoodPack/Prefabs/Sushi/niguiriBase.prefab using Guid(836350a9b7a4ce64e84b1d7a672bd4a8) Importer(815301076,1909f56bfc062723c751e8b465ee728b)  -> (artifact id: '062f8155c08bbd32ac4fa54077282071') in 0.050615 seconds
Number of updated asset objects reloaded before import = 0
Number of asset objects unloaded after import = 16
========================================================================
Received Import Request.
  Time since last request: 2.228038 seconds.
  path: Assets/FoodPack/Prefabs/Pork/baconStrip01.prefab
  artifactKey: Guid(d4b38cd14fefb584d89d54b41ea1c6db) Importer(815301076,1909f56bfc062723c751e8b465ee728b)
Start importing Assets/FoodPack/Prefabs/Pork/baconStrip01.prefab using Guid(d4b38cd14fefb584d89d54b41ea1c6db) Importer(815301076,1909f56bfc062723c751e8b465ee728b)  -> (artifact id: '381223733e2664c34dc268f33201630b') in 0.082036 seconds
Number of updated asset objects reloaded before import = 0
Number of asset objects unloaded after import = 16
========================================================================
Received Import Request.
  Time since last request: 0.000083 seconds.
  path: Assets/FoodPack/Prefabs/Pork/porkRibCut02.prefab
  artifactKey: Guid(791e0a72218903f4f9b489358e46bfc6) Importer(815301076,1909f56bfc062723c751e8b465ee728b)
Start importing Assets/FoodPack/Prefabs/Pork/porkRibCut02.prefab using Guid(791e0a72218903f4f9b489358e46bfc6) Importer(815301076,1909f56bfc062723c751e8b465ee728b)  -> (artifact id: '5f8bc76e2d217be1ea29e56822cefdf4') in 0.039204 seconds
Number of updated asset objects reloaded before import = 0
Number of asset objects unloaded after import = 16
========================================================================
Received Import Request.
  Time since last request: 0.000107 seconds.
  path: Assets/FoodPack/Prefabs/Pork/porkRibCut01.prefab
  artifactKey: Guid(5d9664f0cfb3d7f498d811513640ea19) Importer(815301076,1909f56bfc062723c751e8b465ee728b)
Start importing Assets/FoodPack/Prefabs/Pork/porkRibCut01.prefab using Guid(5d9664f0cfb3d7f498d811513640ea19) Importer(815301076,1909f56bfc062723c751e8b465ee728b)  -> (artifact id: '205f3926eb046e15dd930598037d0a20') in 0.055737 seconds
Number of updated asset objects reloaded before import = 0
Number of asset objects unloaded after import = 16
========================================================================
Received Import Request.
  Time since last request: 0.000129 seconds.
  path: Assets/FoodPack/Prefabs/Pork/casedSausage.prefab
  artifactKey: Guid(9c9f9fbd0559f004ea34afe90dba0e91) Importer(815301076,1909f56bfc062723c751e8b465ee728b)
Start importing Assets/FoodPack/Prefabs/Pork/casedSausage.prefab using Guid(9c9f9fbd0559f004ea34afe90dba0e91) Importer(815301076,1909f56bfc062723c751e8b465ee728b)  -> (artifact id: '8c5e5448850af4153a3c3ed9f7572823') in 0.052593 seconds
Number of updated asset objects reloaded before import = 0
Number of asset objects unloaded after import = 16
========================================================================
Received Import Request.
  Time since last request: 0.000080 seconds.
  path: Assets/FoodPack/Prefabs/Pork/porkBellyCut03.prefab
  artifactKey: Guid(394a78a842ebea7408125648669f66d4) Importer(815301076,1909f56bfc062723c751e8b465ee728b)
Start importing Assets/FoodPack/Prefabs/Pork/porkBellyCut03.prefab using Guid(394a78a842ebea7408125648669f66d4) Importer(815301076,1909f56bfc062723c751e8b465ee728b)  -> (artifact id: '490f4aa627dde8c82e38fad27a91f587') in 0.045533 seconds
Number of updated asset objects reloaded before import = 0
Number of asset objects unloaded after import = 16
========================================================================
Received Import Request.
  Time since last request: 0.000099 seconds.
  path: Assets/FoodPack/Prefabs/Pork/porkSausage.prefab
  artifactKey: Guid(1ac7e919149fab34aa364b6de88b7e75) Importer(815301076,1909f56bfc062723c751e8b465ee728b)
Start importing Assets/FoodPack/Prefabs/Pork/porkSausage.prefab using Guid(1ac7e919149fab34aa364b6de88b7e75) Importer(815301076,1909f56bfc062723c751e8b465ee728b)  -> (artifact id: 'c09cb59b7238a76e3ff5abe0fb1588c9') in 0.055052 seconds
Number of updated asset objects reloaded before import = 0
Number of asset objects unloaded after import = 16
========================================================================
Received Import Request.
  Time since last request: 0.000036 seconds.
  path: Assets/FoodPack/Prefabs/Pork/porkRibBone02.prefab
  artifactKey: Guid(fb5e0616d53e1814fa62f238701ea722) Importer(815301076,1909f56bfc062723c751e8b465ee728b)
Start importing Assets/FoodPack/Prefabs/Pork/porkRibBone02.prefab using Guid(fb5e0616d53e1814fa62f238701ea722) Importer(815301076,1909f56bfc062723c751e8b465ee728b)  -> (artifact id: '9c6539c3dec6c8cfa5a1a92ccb914273') in 0.038217 seconds
Number of updated asset objects reloaded before import = 0
Number of asset objects unloaded after import = 16
========================================================================
Received Import Request.
  Time since last request: 0.000032 seconds.
  path: Assets/FoodPack/Prefabs/Pork/porkBellyCut02.prefab
  artifactKey: Guid(d98c9465973a80c4385d35ef4ce48883) Importer(815301076,1909f56bfc062723c751e8b465ee728b)
Start importing Assets/FoodPack/Prefabs/Pork/porkBellyCut02.prefab using Guid(d98c9465973a80c4385d35ef4ce48883) Importer(815301076,1909f56bfc062723c751e8b465ee728b)  -> (artifact id: 'a1b7efb41993c2abe8fdbe2b250ef789') in 0.038837 seconds
Number of updated asset objects reloaded before import = 0
Number of asset objects unloaded after import = 16
========================================================================
Received Import Request.
  Time since last request: 0.000070 seconds.
  path: Assets/FoodPack/Prefabs/Pork/porkRibCut03.prefab
  artifactKey: Guid(1f7f9ad7034c3e34da3375638fb02f82) Importer(815301076,1909f56bfc062723c751e8b465ee728b)
Start importing Assets/FoodPack/Prefabs/Pork/porkRibCut03.prefab using Guid(1f7f9ad7034c3e34da3375638fb02f82) Importer(815301076,1909f56bfc062723c751e8b465ee728b)  -> (artifact id: 'd35908dc9212f622dd6ed430d5384840') in 0.079717 seconds
Number of updated asset objects reloaded before import = 0
Number of asset objects unloaded after import = 16
========================================================================
Received Import Request.
  Time since last request: 7.121935 seconds.
  path: Assets/FoodPack/Prefabs/Misc/barrelWithoutLid.prefab
  artifactKey: Guid(4fa85cd569fef5047b94596eb19aab12) Importer(815301076,1909f56bfc062723c751e8b465ee728b)
Start importing Assets/FoodPack/Prefabs/Misc/barrelWithoutLid.prefab using Guid(4fa85cd569fef5047b94596eb19aab12) Importer(815301076,1909f56bfc062723c751e8b465ee728b)  -> (artifact id: '2d9d33a729122822228e413fed1e3fc2') in 0.071308 seconds
Number of updated asset objects reloaded before import = 0
Number of asset objects unloaded after import = 16
========================================================================
Received Import Request.
  Time since last request: 0.000025 seconds.
  path: Assets/FoodPack/Prefabs/Misc/fruitBag.prefab
  artifactKey: Guid(c994bc39bfc9eeb4e9743f760d4163b2) Importer(815301076,1909f56bfc062723c751e8b465ee728b)
Start importing Assets/FoodPack/Prefabs/Misc/fruitBag.prefab using Guid(c994bc39bfc9eeb4e9743f760d4163b2) Importer(815301076,1909f56bfc062723c751e8b465ee728b)  -> (artifact id: '89160f57a31542bae448082b9f8ea847') in 0.081756 seconds
Number of updated asset objects reloaded before import = 0
Number of asset objects unloaded after import = 16
========================================================================
Received Import Request.
  Time since last request: 0.000109 seconds.
  path: Assets/FoodPack/Prefabs/Misc/FruitScale.prefab
  artifactKey: Guid(ee0d8083fbec25c44a3dc6e77a6d1c56) Importer(815301076,1909f56bfc062723c751e8b465ee728b)
Start importing Assets/FoodPack/Prefabs/Misc/FruitScale.prefab using Guid(ee0d8083fbec25c44a3dc6e77a6d1c56) Importer(815301076,1909f56bfc062723c751e8b465ee728b)  -> (artifact id: 'b9d16fbbeb36038cbe84d213ad0242d6') in 0.101635 seconds
Number of updated asset objects reloaded before import = 0
Number of asset objects unloaded after import = 16
========================================================================
Received Import Request.
  Time since last request: 0.000026 seconds.
  path: Assets/FoodPack/Prefabs/Misc/table.prefab
  artifactKey: Guid(d083fe8ce49300849bf2f2f8fbff428a) Importer(815301076,1909f56bfc062723c751e8b465ee728b)
Start importing Assets/FoodPack/Prefabs/Misc/table.prefab using Guid(d083fe8ce49300849bf2f2f8fbff428a) Importer(815301076,1909f56bfc062723c751e8b465ee728b)  -> (artifact id: '23650e9a019083eb9f3f547c91c46d37') in 0.041724 seconds
Number of updated asset objects reloaded before import = 0
Number of asset objects unloaded after import = 16
========================================================================
Received Import Request.
  Time since last request: 10.422662 seconds.
  path: Assets/FoodPack/Prefabs/Kitchen Utensils/castIronSkillet.prefab
  artifactKey: Guid(2f9c157afddf19c41be355879f8fc47e) Importer(815301076,1909f56bfc062723c751e8b465ee728b)
Start importing Assets/FoodPack/Prefabs/Kitchen Utensils/castIronSkillet.prefab using Guid(2f9c157afddf19c41be355879f8fc47e) Importer(815301076,1909f56bfc062723c751e8b465ee728b)  -> (artifact id: '7f7d5355ba554a372631886acdda6006') in 0.082678 seconds
Number of updated asset objects reloaded before import = 0
Number of asset objects unloaded after import = 16
========================================================================
Received Import Request.
  Time since last request: 0.000048 seconds.
  path: Assets/FoodPack/Prefabs/Kitchen Utensils/chefKnife02.prefab
  artifactKey: Guid(a17a4f72927dfc54c927ff98122ad431) Importer(815301076,1909f56bfc062723c751e8b465ee728b)
Start importing Assets/FoodPack/Prefabs/Kitchen Utensils/chefKnife02.prefab using Guid(a17a4f72927dfc54c927ff98122ad431) Importer(815301076,1909f56bfc062723c751e8b465ee728b)  -> (artifact id: 'e1510dec056b3c66b141221684c1e073') in 0.086872 seconds
Number of updated asset objects reloaded before import = 0
Number of asset objects unloaded after import = 16
========================================================================
Received Import Request.
  Time since last request: 0.000046 seconds.
  path: Assets/FoodPack/Prefabs/Kitchen Utensils/tongs.prefab
  artifactKey: Guid(17e45306909875f44b263523486b7144) Importer(815301076,1909f56bfc062723c751e8b465ee728b)
Start importing Assets/FoodPack/Prefabs/Kitchen Utensils/tongs.prefab using Guid(17e45306909875f44b263523486b7144) Importer(815301076,1909f56bfc062723c751e8b465ee728b)  -> (artifact id: '176a396516e575de9ca0ff32295ac6a9') in 0.047184 seconds
Number of updated asset objects reloaded before import = 0
Number of asset objects unloaded after import = 16
========================================================================
Received Import Request.
  Time since last request: 0.000125 seconds.
  path: Assets/FoodPack/Prefabs/Kitchen Utensils/eggBox.prefab
  artifactKey: Guid(b7f1bf636c3044342af4eced825fbf55) Importer(815301076,1909f56bfc062723c751e8b465ee728b)
Start importing Assets/FoodPack/Prefabs/Kitchen Utensils/eggBox.prefab using Guid(b7f1bf636c3044342af4eced825fbf55) Importer(815301076,1909f56bfc062723c751e8b465ee728b)  -> (artifact id: '890fe216f4a706e807c3c76dcba05ce7') in 0.036614 seconds
Number of updated asset objects reloaded before import = 0
Number of asset objects unloaded after import = 16
========================================================================
Received Import Request.
  Time since last request: 0.000023 seconds.
  path: Assets/FoodPack/Prefabs/Kitchen Utensils/mug02.prefab
  artifactKey: Guid(ce5bc956a44e61946ac54b2754d187ca) Importer(815301076,1909f56bfc062723c751e8b465ee728b)
Start importing Assets/FoodPack/Prefabs/Kitchen Utensils/mug02.prefab using Guid(ce5bc956a44e61946ac54b2754d187ca) Importer(815301076,1909f56bfc062723c751e8b465ee728b)  -> (artifact id: '665cb5aba4b7427826357a48460856e2') in 0.042223 seconds
Number of updated asset objects reloaded before import = 0
Number of asset objects unloaded after import = 16
========================================================================
Received Import Request.
  Time since last request: 0.000024 seconds.
  path: Assets/FoodPack/Prefabs/Kitchen Utensils/fork.prefab
  artifactKey: Guid(45bb2a977d6ab4d4ea6f6ed0c7e2596e) Importer(815301076,1909f56bfc062723c751e8b465ee728b)
Start importing Assets/FoodPack/Prefabs/Kitchen Utensils/fork.prefab using Guid(45bb2a977d6ab4d4ea6f6ed0c7e2596e) Importer(815301076,1909f56bfc062723c751e8b465ee728b)  -> (artifact id: '3c22c60f7815e6fde9a6cd9744b6f7db') in 0.033744 seconds
Number of updated asset objects reloaded before import = 0
Number of asset objects unloaded after import = 16
========================================================================
Received Import Request.
  Time since last request: 0.000021 seconds.
  path: Assets/FoodPack/Prefabs/Kitchen Utensils/woodBowlClosed.prefab
  artifactKey: Guid(804af727105bf0e49987217393e6e3e6) Importer(815301076,1909f56bfc062723c751e8b465ee728b)
Start importing Assets/FoodPack/Prefabs/Kitchen Utensils/woodBowlClosed.prefab using Guid(804af727105bf0e49987217393e6e3e6) Importer(815301076,1909f56bfc062723c751e8b465ee728b)  -> (artifact id: '7528a4532f9e523f6b3fb74af36abc5d') in 0.101113 seconds
Number of updated asset objects reloaded before import = 0
Number of asset objects unloaded after import = 16
========================================================================
Received Import Request.
  Time since last request: 0.000047 seconds.
  path: Assets/FoodPack/Prefabs/Kitchen Utensils/stainlessSteelSkilletShallow.prefab
  artifactKey: Guid(692d9f61ad3d44f4597c6bffdfa9dab4) Importer(815301076,1909f56bfc062723c751e8b465ee728b)
Start importing Assets/FoodPack/Prefabs/Kitchen Utensils/stainlessSteelSkilletShallow.prefab using Guid(692d9f61ad3d44f4597c6bffdfa9dab4) Importer(815301076,1909f56bfc062723c751e8b465ee728b)  -> (artifact id: '139900d510acbec94e75c7ecfcd62aa4') in 0.044028 seconds
Number of updated asset objects reloaded before import = 0
Number of asset objects unloaded after import = 16
========================================================================
Received Import Request.
  Time since last request: 0.000053 seconds.
  path: Assets/FoodPack/Prefabs/Kitchen Utensils/cuttingBoard02.prefab
  artifactKey: Guid(51e2d9349b31d5d47b1b9fd1efc69210) Importer(815301076,1909f56bfc062723c751e8b465ee728b)
Start importing Assets/FoodPack/Prefabs/Kitchen Utensils/cuttingBoard02.prefab using Guid(51e2d9349b31d5d47b1b9fd1efc69210) Importer(815301076,1909f56bfc062723c751e8b465ee728b)  -> (artifact id: '2708b3418ec806b700a2e01a2f867a75') in 0.089167 seconds
Number of updated asset objects reloaded before import = 0
Number of asset objects unloaded after import = 16
========================================================================
Received Import Request.
  Time since last request: 0.000059 seconds.
  path: Assets/FoodPack/Prefabs/Kitchen Utensils/lidSteelTallPot.prefab
  artifactKey: Guid(d5ff9a3ff0e0563419a1fa64c56f2d5a) Importer(815301076,1909f56bfc062723c751e8b465ee728b)
Start importing Assets/FoodPack/Prefabs/Kitchen Utensils/lidSteelTallPot.prefab using Guid(d5ff9a3ff0e0563419a1fa64c56f2d5a) Importer(815301076,1909f56bfc062723c751e8b465ee728b)  -> (artifact id: '996e61f55e2795bc54cead3272b740b8') in 0.072715 seconds
Number of updated asset objects reloaded before import = 0
Number of asset objects unloaded after import = 16
========================================================================
Received Import Request.
  Time since last request: 0.000171 seconds.
  path: Assets/FoodPack/Prefabs/Kitchen Utensils/cleaver.prefab
  artifactKey: Guid(37f47d9743ffd594382af9d903fbc3d9) Importer(815301076,1909f56bfc062723c751e8b465ee728b)
Start importing Assets/FoodPack/Prefabs/Kitchen Utensils/cleaver.prefab using Guid(37f47d9743ffd594382af9d903fbc3d9) Importer(815301076,1909f56bfc062723c751e8b465ee728b)  -> (artifact id: '5470e3c250854e20d2deac27a908eaf4') in 0.068656 seconds
Number of updated asset objects reloaded before import = 0
Number of asset objects unloaded after import = 16
========================================================================
Received Import Request.
  Time since last request: 36.073276 seconds.
  path: Assets/FoodPack/Prefabs/Fruits/banana.prefab
  artifactKey: Guid(47c6a4a4fb04feb4ab5a48817c2e74dd) Importer(815301076,1909f56bfc062723c751e8b465ee728b)
Start importing Assets/FoodPack/Prefabs/Fruits/banana.prefab using Guid(47c6a4a4fb04feb4ab5a48817c2e74dd) Importer(815301076,1909f56bfc062723c751e8b465ee728b)  -> (artifact id: 'ac439b35e5a4068b0c7f8a83c60b8913') in 0.038460 seconds
Number of updated asset objects reloaded before import = 0
Number of asset objects unloaded after import = 16
========================================================================
Received Import Request.
  Time since last request: 0.000026 seconds.
  path: Assets/FoodPack/Prefabs/Fruits/keyLime.prefab
  artifactKey: Guid(229f4c6865797244f9d1349352abc9e4) Importer(815301076,1909f56bfc062723c751e8b465ee728b)
Start importing Assets/FoodPack/Prefabs/Fruits/keyLime.prefab using Guid(229f4c6865797244f9d1349352abc9e4) Importer(815301076,1909f56bfc062723c751e8b465ee728b)  -> (artifact id: '34da4107082233df6b529a324909a0cd') in 0.092875 seconds
Number of updated asset objects reloaded before import = 0
Number of asset objects unloaded after import = 16
========================================================================
Received Import Request.
  Time since last request: 0.000047 seconds.
  path: Assets/FoodPack/Prefabs/Fruits/kiwiHalf.prefab
  artifactKey: Guid(7ed6f41a6ea5b7a4590882c1f6196026) Importer(815301076,1909f56bfc062723c751e8b465ee728b)
Start importing Assets/FoodPack/Prefabs/Fruits/kiwiHalf.prefab using Guid(7ed6f41a6ea5b7a4590882c1f6196026) Importer(815301076,1909f56bfc062723c751e8b465ee728b)  -> (artifact id: '65acfeb98b92ba689ad80851dcc21726') in 0.043349 seconds
Number of updated asset objects reloaded before import = 0
Number of asset objects unloaded after import = 16
========================================================================
Received Import Request.
  Time since last request: 0.000063 seconds.
  path: Assets/FoodPack/Prefabs/Fruits/guava.prefab
  artifactKey: Guid(69b999d2da05be24c9c8d2e704568d6f) Importer(815301076,1909f56bfc062723c751e8b465ee728b)
Start importing Assets/FoodPack/Prefabs/Fruits/guava.prefab using Guid(69b999d2da05be24c9c8d2e704568d6f) Importer(815301076,1909f56bfc062723c751e8b465ee728b)  -> (artifact id: '5ae3eaafc6e6414c5df0d85a13ef4e02') in 0.075816 seconds
Number of updated asset objects reloaded before import = 0
Number of asset objects unloaded after import = 16
========================================================================
Received Import Request.
  Time since last request: 0.000024 seconds.
  path: Assets/FoodPack/Prefabs/Fruits/keyLimeHalf.prefab
  artifactKey: Guid(069b5a21bb837ac45b9fcf0e3e61d6a2) Importer(815301076,1909f56bfc062723c751e8b465ee728b)
Start importing Assets/FoodPack/Prefabs/Fruits/keyLimeHalf.prefab using Guid(069b5a21bb837ac45b9fcf0e3e61d6a2) Importer(815301076,1909f56bfc062723c751e8b465ee728b)  -> (artifact id: '548b8e424aa0e17496dca79b4d31c1c7') in 0.081550 seconds
Number of updated asset objects reloaded before import = 0
Number of asset objects unloaded after import = 16
========================================================================
Received Import Request.
  Time since last request: 0.000027 seconds.
  path: Assets/FoodPack/Prefabs/Fruits/grapefruit.prefab
  artifactKey: Guid(2f4e2b1b858a8b7479e63848aa42d4af) Importer(815301076,1909f56bfc062723c751e8b465ee728b)
Start importing Assets/FoodPack/Prefabs/Fruits/grapefruit.prefab using Guid(2f4e2b1b858a8b7479e63848aa42d4af) Importer(815301076,1909f56bfc062723c751e8b465ee728b)  -> (artifact id: '128fb6e2a1add4876e2bfdb8c6a6df3e') in 0.044105 seconds
Number of updated asset objects reloaded before import = 0
Number of asset objects unloaded after import = 16
========================================================================
Received Import Request.
  Time since last request: 0.161287 seconds.
  path: Assets/FoodPack/Prefabs/Fruits/melon.prefab
  artifactKey: Guid(bee9e867045177145aff354014833ccf) Importer(815301076,1909f56bfc062723c751e8b465ee728b)
Start importing Assets/FoodPack/Prefabs/Fruits/melon.prefab using Guid(bee9e867045177145aff354014833ccf) Importer(815301076,1909f56bfc062723c751e8b465ee728b)  -> (artifact id: '03f0e3cbef7daa608cf5fa065e436bff') in 0.058233 seconds
Number of updated asset objects reloaded before import = 0
Number of asset objects unloaded after import = 16
========================================================================
Received Import Request.
  Time since last request: 0.000051 seconds.
  path: Assets/FoodPack/Prefabs/Fruits/peach.prefab
  artifactKey: Guid(5e8eebf6e0d71d44394d728d6f23c322) Importer(815301076,1909f56bfc062723c751e8b465ee728b)
Start importing Assets/FoodPack/Prefabs/Fruits/peach.prefab using Guid(5e8eebf6e0d71d44394d728d6f23c322) Importer(815301076,1909f56bfc062723c751e8b465ee728b)  -> (artifact id: 'ccf6cda3ebb6a34d94f16fee00d11f4f') in 0.049486 seconds
Number of updated asset objects reloaded before import = 0
Number of asset objects unloaded after import = 16
========================================================================
Received Import Request.
  Time since last request: 0.000104 seconds.
  path: Assets/FoodPack/Prefabs/Fruits/orange.prefab
  artifactKey: Guid(9ec76be3da0cdd9408c98aa0277c7292) Importer(815301076,1909f56bfc062723c751e8b465ee728b)
Start importing Assets/FoodPack/Prefabs/Fruits/orange.prefab using Guid(9ec76be3da0cdd9408c98aa0277c7292) Importer(815301076,1909f56bfc062723c751e8b465ee728b)  -> (artifact id: '5674f29113d3949d8d62b1ef9f858b04') in 0.062955 seconds
Number of updated asset objects reloaded before import = 0
Number of asset objects unloaded after import = 16
========================================================================
Received Import Request.
  Time since last request: 0.000040 seconds.
  path: Assets/FoodPack/Prefabs/Fruits/papayaHalf.prefab
  artifactKey: Guid(38059308dd6f657479a9132021cf12b2) Importer(815301076,1909f56bfc062723c751e8b465ee728b)
Start importing Assets/FoodPack/Prefabs/Fruits/papayaHalf.prefab using Guid(38059308dd6f657479a9132021cf12b2) Importer(815301076,1909f56bfc062723c751e8b465ee728b)  -> (artifact id: '7c18a1bcc1e76c442d4d27b130eb1d74') in 0.051402 seconds
Number of updated asset objects reloaded before import = 0
Number of asset objects unloaded after import = 16
========================================================================
Received Import Request.
  Time since last request: 0.000059 seconds.
  path: Assets/FoodPack/Prefabs/Fruits/peachHalf.prefab
  artifactKey: Guid(1ca5ef4e65e21134cb3d237bd5e59ea9) Importer(815301076,1909f56bfc062723c751e8b465ee728b)
Start importing Assets/FoodPack/Prefabs/Fruits/peachHalf.prefab using Guid(1ca5ef4e65e21134cb3d237bd5e59ea9) Importer(815301076,1909f56bfc062723c751e8b465ee728b)  -> (artifact id: 'f98965373c5d1b79e9eeb7e60a0959c8') in 0.032214 seconds
Number of updated asset objects reloaded before import = 0
Number of asset objects unloaded after import = 16
========================================================================
Received Import Request.
  Time since last request: 1.219286 seconds.
  path: Assets/FoodPack/Prefabs/Fish/salmonFillet.001.prefab
  artifactKey: Guid(f1dd768d2b86da24c87b060c71246534) Importer(815301076,1909f56bfc062723c751e8b465ee728b)
Start importing Assets/FoodPack/Prefabs/Fish/salmonFillet.001.prefab using Guid(f1dd768d2b86da24c87b060c71246534) Importer(815301076,1909f56bfc062723c751e8b465ee728b)  -> (artifact id: '29bdd9ff84d615c8eb6d467eeb2433e3') in 0.054220 seconds
Number of updated asset objects reloaded before import = 0
Number of asset objects unloaded after import = 16
========================================================================
Received Import Request.
  Time since last request: 0.000057 seconds.
  path: Assets/FoodPack/Prefabs/Fish/tunaTopHalf.prefab
  artifactKey: Guid(2be47c4767f0e0140a54db7d4832ef1b) Importer(815301076,1909f56bfc062723c751e8b465ee728b)
Start importing Assets/FoodPack/Prefabs/Fish/tunaTopHalf.prefab using Guid(2be47c4767f0e0140a54db7d4832ef1b) Importer(815301076,1909f56bfc062723c751e8b465ee728b)  -> (artifact id: 'b2f2821f142557b52eb78c56eff9200f') in 0.065536 seconds
Number of updated asset objects reloaded before import = 0
Number of asset objects unloaded after import = 16
========================================================================
Received Import Request.
  Time since last request: 0.000087 seconds.
  path: Assets/FoodPack/Prefabs/Fish/salmonTail.prefab
  artifactKey: Guid(65132a413876bb64a87c0cf5b69986e1) Importer(815301076,1909f56bfc062723c751e8b465ee728b)
Start importing Assets/FoodPack/Prefabs/Fish/salmonTail.prefab using Guid(65132a413876bb64a87c0cf5b69986e1) Importer(815301076,1909f56bfc062723c751e8b465ee728b)  -> (artifact id: '3bf4d6f9e6c084e60db0b37c1f207e4d') in 0.062360 seconds
Number of updated asset objects reloaded before import = 0
Number of asset objects unloaded after import = 16
Editor requested this worker to shutdown with reason: Scaling down because of idle timeout
TcpMessagingSession - receive error: operation aborted. errorcode: 995, details:        I/O  .
AssetImportWorker is now disconnected from the server
Process exiting
Exiting without the bug reporter. Application will terminate with return code 0